Fri, 07 Mar 2014 08:10:10 ERROR    EXCEPTION------- <type 'exceptions.AttributeError'> : 'NoneType' object has no attribute 'getHeight'
Fri, 07 Mar 2014 08:10:11 ERROR    File cannot openE:\ProyectPython\PymageA\PymageA\src\modules\image_modules\deleteKU133.jpg.txt
Fri, 07 Mar 2014 08:10:11 INFO     set owner plataform Windows
Fri, 07 Mar 2014 08:10:11 ERROR    File cannot openE:\ProyectPython\PymageA\PymageA\src\modules\image_modules\deletewindows authentication.bmp.txt
Fri, 07 Mar 2014 08:10:11 INFO     set owner plataform Windows
Fri, 07 Mar 2014 08:10:11 ERROR    File cannot openE:\ProyectPython\PymageA\PymageA\src\modules\image_modules\deletecharts.png.txt
Fri, 07 Mar 2014 08:10:11 INFO     set owner plataform Windows
Fri, 07 Mar 2014 08:10:11 ERROR    File cannot openE:\ProyectPython\PymageA\PymageA\src\modules\image_modules\deletecharts1.bmp.txt
Fri, 07 Mar 2014 08:10:11 INFO     set owner plataform Windows
Fri, 07 Mar 2014 08:10:11 ERROR    File cannot openE:\ProyectPython\PymageA\PymageA\src\modules\image_modules\deleteKU133.jpg.txt
Fri, 07 Mar 2014 08:10:11 INFO     set owner plataform Windows
Fri, 07 Mar 2014 08:10:11 ERROR    File cannot openE:\ProyectPython\PymageA\PymageA\src\modules\image_modules\deletevirtualCIssue1.png.txt
Fri, 07 Mar 2014 08:10:11 INFO     set owner plataform Windows
Fri, 07 Mar 2014 08:11:12 INFO     set owner plataform Windows
Fri, 07 Mar 2014 08:11:13 INFO     set owner plataform Windows
Fri, 07 Mar 2014 08:11:14 INFO     set owner plataform Windows
Fri, 07 Mar 2014 08:13:01 INFO     set owner plataform Windows
Fri, 07 Mar 2014 08:13:02 INFO     set owner plataform Windows
Fri, 07 Mar 2014 08:13:02 INFO     set owner plataform Windows
Fri, 07 Mar 2014 08:13:54 INFO     set owner plataform Windows
Fri, 07 Mar 2014 08:13:54 INFO     set owner plataform Windows
Fri, 07 Mar 2014 08:13:54 INFO     set owner plataform Windows
Fri, 07 Mar 2014 08:21:59 INFO     set owner plataform Windows
Fri, 07 Mar 2014 08:21:59 INFO     set owner plataform Windows
Fri, 07 Mar 2014 08:21:59 INFO     set owner plataform Windows
Fri, 07 Mar 2014 08:28:14 INFO     set owner plataform Windows
Fri, 07 Mar 2014 08:28:15 INFO     set owner plataform Windows
Fri, 07 Mar 2014 08:28:15 INFO     set owner plataform Windows
Fri, 07 Mar 2014 08:29:12 INFO     set owner plataform Windows
Fri, 07 Mar 2014 08:29:12 INFO     set owner plataform Windows
Fri, 07 Mar 2014 08:29:12 INFO     set owner plataform Windows
Fri, 07 Mar 2014 08:30:26 INFO     set owner plataform Windows
Fri, 07 Mar 2014 08:30:26 INFO     set owner plataform Windows
Fri, 07 Mar 2014 08:30:26 INFO     set owner plataform Windows
Fri, 07 Mar 2014 08:34:08 INFO     set owner plataform Windows
Fri, 07 Mar 2014 08:34:08 INFO     set owner plataform Windows
Fri, 07 Mar 2014 08:34:09 INFO     set owner plataform Windows
Fri, 07 Mar 2014 08:36:13 INFO     set owner plataform Windows
Fri, 07 Mar 2014 08:36:13 INFO     set owner plataform Windows
Fri, 07 Mar 2014 08:36:13 INFO     set owner plataform Windows
Fri, 07 Mar 2014 09:12:18 INFO     set owner plataform Windows
Fri, 07 Mar 2014 09:12:19 INFO     set owner plataform Windows
Fri, 07 Mar 2014 09:12:19 INFO     set owner plataform Windows
Fri, 07 Mar 2014 09:19:51 INFO     set owner plataform Windows
Fri, 07 Mar 2014 09:19:51 INFO     set owner plataform Windows
Fri, 07 Mar 2014 09:19:52 INFO     set owner plataform Windows
Fri, 07 Mar 2014 09:34:00 ERROR    EXCEPTION------- <type 'exceptions.AttributeError'> : 'NoneType' object has no attribute 'getHeight'
Fri, 07 Mar 2014 09:34:00 ERROR    File cannot openE:\ProyectPython\PymageA\PymageA\src\modules\image_modules\deleteKU133.jpg.txt
Fri, 07 Mar 2014 09:34:00 INFO     set owner plataform Windows
Fri, 07 Mar 2014 09:34:00 ERROR    File cannot openE:\ProyectPython\PymageA\PymageA\src\modules\image_modules\deletewindows authentication.bmp.txt
Fri, 07 Mar 2014 09:34:00 INFO     set owner plataform Windows
Fri, 07 Mar 2014 09:34:00 ERROR    File cannot openE:\ProyectPython\PymageA\PymageA\src\modules\image_modules\deletecharts.png.txt
Fri, 07 Mar 2014 09:34:00 INFO     set owner plataform Windows
Fri, 07 Mar 2014 09:34:00 ERROR    File cannot openE:\ProyectPython\PymageA\PymageA\src\modules\image_modules\deletecharts1.bmp.txt
Fri, 07 Mar 2014 09:34:00 INFO     set owner plataform Windows
Fri, 07 Mar 2014 09:34:01 ERROR    File cannot openE:\ProyectPython\PymageA\PymageA\src\modules\image_modules\deleteKU133.jpg.txt
Fri, 07 Mar 2014 09:34:01 INFO     set owner plataform Windows
Fri, 07 Mar 2014 09:34:01 ERROR    File cannot openE:\ProyectPython\PymageA\PymageA\src\modules\image_modules\deletevirtualCIssue1.png.txt
Fri, 07 Mar 2014 09:34:01 INFO     set owner plataform Windows
Fri, 07 Mar 2014 09:40:27 ERROR    EXCEPTION------- <type 'exceptions.AttributeError'> : 'NoneType' object has no attribute 'getHeight'
Fri, 07 Mar 2014 09:40:29 ERROR    EXCEPTION------- <type 'exceptions.IndexError'> : index out of range: 5
Fri, 07 Mar 2014 09:40:30 ERROR    File cannot openE:\ProyectPython\PymageA\PymageA\src\modules\image_modules\deletecharts.png.txt
Fri, 07 Mar 2014 09:40:30 INFO     set owner plataform Windows
Fri, 07 Mar 2014 09:40:30 ERROR    File cannot openE:\ProyectPython\PymageA\PymageA\src\modules\image_modules\deletecharts1.bmp.txt
Fri, 07 Mar 2014 09:40:30 INFO     set owner plataform Windows
Fri, 07 Mar 2014 09:40:30 ERROR    EXCEPTION------- <type 'exceptions.IndexError'> : index out of range: 5
Fri, 07 Mar 2014 09:40:45 ERROR    EXCEPTION------- <type 'exceptions.AttributeError'> : 'NoneType' object has no attribute 'getHeight'
Fri, 07 Mar 2014 09:40:45 ERROR    EXCEPTION------- <type 'exceptions.IndexError'> : index out of range: 5
Fri, 07 Mar 2014 09:40:45 ERROR    File cannot openE:\ProyectPython\PymageA\PymageA\src\modules\image_modules\deletecharts.png.txt
Fri, 07 Mar 2014 09:40:45 INFO     set owner plataform Windows
Fri, 07 Mar 2014 09:40:45 ERROR    File cannot openE:\ProyectPython\PymageA\PymageA\src\modules\image_modules\deletecharts1.bmp.txt
Fri, 07 Mar 2014 09:40:45 INFO     set owner plataform Windows
Fri, 07 Mar 2014 09:40:45 ERROR    EXCEPTION------- <type 'exceptions.IndexError'> : index out of range: 5
Fri, 07 Mar 2014 09:40:47 ERROR    EXCEPTION------- <type 'exceptions.AttributeError'> : 'NoneType' object has no attribute 'getHeight'
Fri, 07 Mar 2014 09:40:47 ERROR    EXCEPTION------- <type 'exceptions.IndexError'> : index out of range: 5
Fri, 07 Mar 2014 09:40:47 ERROR    File cannot openE:\ProyectPython\PymageA\PymageA\src\modules\image_modules\deletecharts.png.txt
Fri, 07 Mar 2014 09:40:47 INFO     set owner plataform Windows
Fri, 07 Mar 2014 09:40:47 ERROR    File cannot openE:\ProyectPython\PymageA\PymageA\src\modules\image_modules\deletecharts1.bmp.txt
Fri, 07 Mar 2014 09:40:47 INFO     set owner plataform Windows
Fri, 07 Mar 2014 09:40:47 ERROR    EXCEPTION------- <type 'exceptions.IndexError'> : index out of range: 5
Fri, 07 Mar 2014 09:41:10 INFO     set owner plataform Windows
Fri, 07 Mar 2014 09:41:10 INFO     set owner plataform Windows
Fri, 07 Mar 2014 09:41:10 INFO     set owner plataform Windows
Fri, 07 Mar 2014 09:41:12 INFO     set owner plataform Windows
Fri, 07 Mar 2014 09:41:12 INFO     set owner plataform Windows
Fri, 07 Mar 2014 09:41:12 INFO     set owner plataform Windows
Fri, 07 Mar 2014 09:41:22 INFO     set owner plataform Windows
Fri, 07 Mar 2014 09:41:22 INFO     set owner plataform Windows
Fri, 07 Mar 2014 09:41:22 INFO     set owner plataform Windows
Fri, 07 Mar 2014 09:41:24 INFO     set owner plataform Windows
Fri, 07 Mar 2014 09:41:24 INFO     set owner plataform Windows
Fri, 07 Mar 2014 09:41:24 INFO     set owner plataform Windows
Fri, 07 Mar 2014 09:43:18 INFO     set owner plataform Windows
Fri, 07 Mar 2014 09:43:18 INFO     set owner plataform Windows
Fri, 07 Mar 2014 09:43:18 INFO     set owner plataform Windows
Fri, 07 Mar 2014 09:43:18 INFO     set owner plataform Windows
Fri, 07 Mar 2014 09:43:18 INFO     set owner plataform Windows
Fri, 07 Mar 2014 09:43:28 INFO     set owner plataform Windows
Fri, 07 Mar 2014 09:43:28 INFO     set owner plataform Windows
Fri, 07 Mar 2014 09:43:29 INFO     set owner plataform Windows
Fri, 07 Mar 2014 09:43:29 INFO     set owner plataform Windows
Fri, 07 Mar 2014 09:43:29 INFO     set owner plataform Windows
Fri, 07 Mar 2014 09:43:43 ERROR    EXCEPTION------- <type 'exceptions.AttributeError'> : 'NoneType' object has no attribute 'getHeight'
Fri, 07 Mar 2014 09:43:43 ERROR    File cannot openE:\ProyectPython\PymageA\PymageA\src\modules\image_modules\deleteKU133.jpg.txt
Fri, 07 Mar 2014 09:43:43 INFO     set owner plataform Windows
Fri, 07 Mar 2014 09:43:43 ERROR    File cannot openE:\ProyectPython\PymageA\PymageA\src\modules\image_modules\deletewindows authentication.bmp.txt
Fri, 07 Mar 2014 09:43:43 INFO     set owner plataform Windows
Fri, 07 Mar 2014 09:43:43 ERROR    File cannot openE:\ProyectPython\PymageA\PymageA\src\modules\image_modules\deletecharts.png.txt
Fri, 07 Mar 2014 09:43:43 INFO     set owner plataform Windows
Fri, 07 Mar 2014 09:43:43 ERROR    File cannot openE:\ProyectPython\PymageA\PymageA\src\modules\image_modules\deletecharts1.bmp.txt
Fri, 07 Mar 2014 09:43:43 INFO     set owner plataform Windows
Fri, 07 Mar 2014 09:43:43 ERROR    File cannot openE:\ProyectPython\PymageA\PymageA\src\modules\image_modules\deleteKU133.jpg.txt
Fri, 07 Mar 2014 09:43:43 INFO     set owner plataform Windows
Fri, 07 Mar 2014 09:43:43 ERROR    File cannot openE:\ProyectPython\PymageA\PymageA\src\modules\image_modules\deletevirtualCIssue1.png.txt
Fri, 07 Mar 2014 09:43:43 INFO     set owner plataform Windows
Fri, 07 Mar 2014 09:46:33 ERROR    EXCEPTION------- <type 'exceptions.AttributeError'> : 'NoneType' object has no attribute 'getHeight'
Fri, 07 Mar 2014 09:46:34 ERROR    File cannot openE:\ProyectPython\PymageA\PymageA\src\modules\image_modules\deleteKU133.jpg.txt
Fri, 07 Mar 2014 09:46:34 INFO     set owner plataform Windows
Fri, 07 Mar 2014 09:46:34 ERROR    File cannot openE:\ProyectPython\PymageA\PymageA\src\modules\image_modules\deletewindows authentication.bmp.txt
Fri, 07 Mar 2014 09:46:34 INFO     set owner plataform Windows
Fri, 07 Mar 2014 09:46:34 ERROR    File cannot openE:\ProyectPython\PymageA\PymageA\src\modules\image_modules\deletecharts.png.txt
Fri, 07 Mar 2014 09:46:34 INFO     set owner plataform Windows
Fri, 07 Mar 2014 09:46:34 ERROR    File cannot openE:\ProyectPython\PymageA\PymageA\src\modules\image_modules\deletecharts1.bmp.txt
Fri, 07 Mar 2014 09:46:34 INFO     set owner plataform Windows
Fri, 07 Mar 2014 09:46:34 ERROR    File cannot openE:\ProyectPython\PymageA\PymageA\src\modules\image_modules\deleteKU133.jpg.txt
Fri, 07 Mar 2014 09:46:34 INFO     set owner plataform Windows
Fri, 07 Mar 2014 09:46:34 ERROR    File cannot openE:\ProyectPython\PymageA\PymageA\src\modules\image_modules\deletevirtualCIssue1.png.txt
Fri, 07 Mar 2014 09:46:34 INFO     set owner plataform Windows
Fri, 07 Mar 2014 09:48:46 ERROR    EXCEPTION------- <type 'exceptions.AttributeError'> : 'NoneType' object has no attribute 'getHeight'
Fri, 07 Mar 2014 09:48:46 ERROR    File cannot openE:\ProyectPython\PymageA\PymageA\src\modules\image_modules\deleteKU133.jpg.txt
Fri, 07 Mar 2014 09:48:46 INFO     set owner plataform Windows
Fri, 07 Mar 2014 09:48:46 ERROR    File cannot openE:\ProyectPython\PymageA\PymageA\src\modules\image_modules\deletewindows authentication.bmp.txt
Fri, 07 Mar 2014 09:48:46 INFO     set owner plataform Windows
Fri, 07 Mar 2014 09:48:46 ERROR    File cannot openE:\ProyectPython\PymageA\PymageA\src\modules\image_modules\deletecharts.png.txt
Fri, 07 Mar 2014 09:48:46 INFO     set owner plataform Windows
Fri, 07 Mar 2014 09:48:47 ERROR    File cannot openE:\ProyectPython\PymageA\PymageA\src\modules\image_modules\deletecharts1.bmp.txt
Fri, 07 Mar 2014 09:48:47 INFO     set owner plataform Windows
Fri, 07 Mar 2014 09:48:47 ERROR    File cannot openE:\ProyectPython\PymageA\PymageA\src\modules\image_modules\deleteKU133.jpg.txt
Fri, 07 Mar 2014 09:48:47 INFO     set owner plataform Windows
Fri, 07 Mar 2014 09:48:47 ERROR    File cannot openE:\ProyectPython\PymageA\PymageA\src\modules\image_modules\deletevirtualCIssue1.png.txt
Fri, 07 Mar 2014 09:48:47 INFO     set owner plataform Windows
Fri, 07 Mar 2014 09:49:55 ERROR    EXCEPTION------- <type 'exceptions.AttributeError'> : 'NoneType' object has no attribute 'getHeight'
Fri, 07 Mar 2014 09:49:55 ERROR    File cannot openE:\ProyectPython\PymageA\PymageA\src\modules\image_modules\deleteKU133.jpg.txt
Fri, 07 Mar 2014 09:49:55 INFO     set owner plataform Windows
Fri, 07 Mar 2014 09:49:55 ERROR    File cannot openE:\ProyectPython\PymageA\PymageA\src\modules\image_modules\deletewindows authentication.bmp.txt
Fri, 07 Mar 2014 09:49:55 INFO     set owner plataform Windows
Fri, 07 Mar 2014 09:49:55 ERROR    File cannot openE:\ProyectPython\PymageA\PymageA\src\modules\image_modules\deletecharts.png.txt
Fri, 07 Mar 2014 09:49:55 INFO     set owner plataform Windows
Fri, 07 Mar 2014 09:49:56 ERROR    File cannot openE:\ProyectPython\PymageA\PymageA\src\modules\image_modules\deletecharts1.bmp.txt
Fri, 07 Mar 2014 09:49:56 INFO     set owner plataform Windows
Fri, 07 Mar 2014 09:49:56 ERROR    File cannot openE:\ProyectPython\PymageA\PymageA\src\modules\image_modules\deleteKU133.jpg.txt
Fri, 07 Mar 2014 09:49:56 INFO     set owner plataform Windows
Fri, 07 Mar 2014 09:49:56 ERROR    File cannot openE:\ProyectPython\PymageA\PymageA\src\modules\image_modules\deletevirtualCIssue1.png.txt
Fri, 07 Mar 2014 09:49:56 INFO     set owner plataform Windows
Fri, 07 Mar 2014 09:52:07 INFO     set owner plataform Windows
Fri, 07 Mar 2014 09:52:08 INFO     set owner plataform Windows
Fri, 07 Mar 2014 09:52:08 INFO     set owner plataform Windows
Fri, 07 Mar 2014 09:52:08 INFO     set owner plataform Windows
Fri, 07 Mar 2014 09:52:08 INFO     set owner plataform Windows
Fri, 07 Mar 2014 09:53:33 INFO     set owner plataform Windows
Fri, 07 Mar 2014 09:53:33 INFO     set owner plataform Windows
Fri, 07 Mar 2014 09:53:33 INFO     set owner plataform Windows
Fri, 07 Mar 2014 09:53:33 INFO     set owner plataform Windows
Fri, 07 Mar 2014 09:53:33 INFO     set owner plataform Windows
Fri, 07 Mar 2014 09:54:51 INFO     set owner plataform Windows
Fri, 07 Mar 2014 09:54:51 INFO     set owner plataform Windows
Fri, 07 Mar 2014 09:54:51 INFO     set owner plataform Windows
Fri, 07 Mar 2014 09:54:52 INFO     set owner plataform Windows
Fri, 07 Mar 2014 09:54:52 INFO     set owner plataform Windows
Fri, 07 Mar 2014 09:57:08 ERROR    EXCEPTION------- <type 'exceptions.AttributeError'> : 'NoneType' object has no attribute 'getHeight'
Fri, 07 Mar 2014 09:57:08 ERROR    File cannot openE:\ProyectPython\PymageA\PymageA\src\modules\image_modules\deleteKU133.jpg.txt
Fri, 07 Mar 2014 09:57:08 INFO     set owner plataform Windows
Fri, 07 Mar 2014 09:57:09 ERROR    File cannot openE:\ProyectPython\PymageA\PymageA\src\modules\image_modules\deletewindows authentication.bmp.txt
Fri, 07 Mar 2014 09:57:09 INFO     set owner plataform Windows
Fri, 07 Mar 2014 09:57:09 ERROR    File cannot openE:\ProyectPython\PymageA\PymageA\src\modules\image_modules\deletecharts.png.txt
Fri, 07 Mar 2014 09:57:09 INFO     set owner plataform Windows
Fri, 07 Mar 2014 09:57:09 ERROR    File cannot openE:\ProyectPython\PymageA\PymageA\src\modules\image_modules\deletecharts1.bmp.txt
Fri, 07 Mar 2014 09:57:09 INFO     set owner plataform Windows
Fri, 07 Mar 2014 09:57:09 ERROR    File cannot openE:\ProyectPython\PymageA\PymageA\src\modules\image_modules\deleteKU133.jpg.txt
Fri, 07 Mar 2014 09:57:09 INFO     set owner plataform Windows
Fri, 07 Mar 2014 09:57:10 ERROR    File cannot openE:\ProyectPython\PymageA\PymageA\src\modules\image_modules\deletevirtualCIssue1.png.txt
Fri, 07 Mar 2014 09:57:10 INFO     set owner plataform Windows
Fri, 07 Mar 2014 10:02:53 INFO     set owner plataform Windows
Fri, 07 Mar 2014 10:02:53 INFO     set owner plataform Windows
Fri, 07 Mar 2014 10:02:53 INFO     set owner plataform Windows
Fri, 07 Mar 2014 10:02:53 INFO     set owner plataform Windows
Fri, 07 Mar 2014 10:02:53 INFO     set owner plataform Windows
Fri, 07 Mar 2014 10:03:08 INFO     The imageC:\testimage\image1.png was rotated
Fri, 07 Mar 2014 10:03:11 INFO     set owner plataform Windows
Fri, 07 Mar 2014 10:03:12 INFO     set owner plataform Windows
Fri, 07 Mar 2014 10:03:12 INFO     set owner plataform Windows
Fri, 07 Mar 2014 10:03:12 INFO     set owner plataform Windows
Fri, 07 Mar 2014 10:03:12 INFO     set owner plataform Windows
Fri, 07 Mar 2014 10:03:20 INFO     set owner plataform Windows
Fri, 07 Mar 2014 10:03:21 INFO     set owner plataform Windows
Fri, 07 Mar 2014 10:03:21 INFO     set owner plataform Windows
Fri, 07 Mar 2014 10:03:21 INFO     set owner plataform Windows
Fri, 07 Mar 2014 10:03:21 INFO     set owner plataform Windows
Fri, 07 Mar 2014 10:17:27 ERROR    EXCEPTION------- <type 'exceptions.AttributeError'> : 'NoneType' object has no attribute 'getHeight'
Fri, 07 Mar 2014 10:17:28 ERROR    File cannot openE:\ProyectPython\PymageA\PymageA\src\modules\image_modules\deleteKU133.jpg.txt
Fri, 07 Mar 2014 10:17:28 INFO     set owner plataform Windows
Fri, 07 Mar 2014 10:17:28 ERROR    File cannot openE:\ProyectPython\PymageA\PymageA\src\modules\image_modules\deletewindows authentication.bmp.txt
Fri, 07 Mar 2014 10:17:28 INFO     set owner plataform Windows
Fri, 07 Mar 2014 10:17:28 ERROR    File cannot openE:\ProyectPython\PymageA\PymageA\src\modules\image_modules\deletecharts.png.txt
Fri, 07 Mar 2014 10:17:28 INFO     set owner plataform Windows
Fri, 07 Mar 2014 10:17:28 ERROR    File cannot openE:\ProyectPython\PymageA\PymageA\src\modules\image_modules\deletecharts1.bmp.txt
Fri, 07 Mar 2014 10:17:28 INFO     set owner plataform Windows
Fri, 07 Mar 2014 10:17:28 ERROR    File cannot openE:\ProyectPython\PymageA\PymageA\src\modules\image_modules\deleteKU133.jpg.txt
Fri, 07 Mar 2014 10:17:28 INFO     set owner plataform Windows
Fri, 07 Mar 2014 10:17:28 ERROR    File cannot openE:\ProyectPython\PymageA\PymageA\src\modules\image_modules\deletevirtualCIssue1.png.txt
Fri, 07 Mar 2014 10:17:28 INFO     set owner plataform Windows
Fri, 07 Mar 2014 10:17:34 ERROR    EXCEPTION------- <type 'exceptions.AttributeError'> : 'NoneType' object has no attribute 'getHeight'
Fri, 07 Mar 2014 10:17:34 ERROR    File cannot openE:\ProyectPython\PymageA\PymageA\src\modules\image_modules\deleteKU133.jpg.txt
Fri, 07 Mar 2014 10:17:34 INFO     set owner plataform Windows
Fri, 07 Mar 2014 10:17:34 ERROR    File cannot openE:\ProyectPython\PymageA\PymageA\src\modules\image_modules\deletewindows authentication.bmp.txt
Fri, 07 Mar 2014 10:17:34 INFO     set owner plataform Windows
Fri, 07 Mar 2014 10:17:34 ERROR    File cannot openE:\ProyectPython\PymageA\PymageA\src\modules\image_modules\deletecharts.png.txt
Fri, 07 Mar 2014 10:17:34 INFO     set owner plataform Windows
Fri, 07 Mar 2014 10:17:34 ERROR    File cannot openE:\ProyectPython\PymageA\PymageA\src\modules\image_modules\deletecharts1.bmp.txt
Fri, 07 Mar 2014 10:17:35 INFO     set owner plataform Windows
Fri, 07 Mar 2014 10:17:35 ERROR    File cannot openE:\ProyectPython\PymageA\PymageA\src\modules\image_modules\deleteKU133.jpg.txt
Fri, 07 Mar 2014 10:17:35 INFO     set owner plataform Windows
Fri, 07 Mar 2014 10:17:35 ERROR    File cannot openE:\ProyectPython\PymageA\PymageA\src\modules\image_modules\deletevirtualCIssue1.png.txt
Fri, 07 Mar 2014 10:17:35 INFO     set owner plataform Windows
Fri, 07 Mar 2014 10:17:35 INFO     list of duplicated obtained wihtout problem
Fri, 07 Mar 2014 10:35:27 INFO     set owner plataform Windows
Fri, 07 Mar 2014 10:35:27 INFO     set owner plataform Windows
Fri, 07 Mar 2014 10:35:27 INFO     set owner plataform Windows
Fri, 07 Mar 2014 10:35:28 INFO     set owner plataform Windows
Fri, 07 Mar 2014 10:35:28 INFO     set owner plataform Windows
Fri, 07 Mar 2014 10:38:38 INFO     set owner plataform Windows
Fri, 07 Mar 2014 10:38:38 INFO     set owner plataform Windows
Fri, 07 Mar 2014 10:38:38 INFO     set owner plataform Windows
Fri, 07 Mar 2014 10:38:38 INFO     set owner plataform Windows
Fri, 07 Mar 2014 10:38:39 INFO     set owner plataform Windows
Fri, 07 Mar 2014 10:39:20 INFO     set owner plataform Windows
Fri, 07 Mar 2014 10:39:21 INFO     set owner plataform Windows
Fri, 07 Mar 2014 10:39:21 INFO     set owner plataform Windows
Fri, 07 Mar 2014 10:39:21 INFO     set owner plataform Windows
Fri, 07 Mar 2014 10:39:21 INFO     set owner plataform Windows
Fri, 07 Mar 2014 17:45:22 ERROR    EXCEPTION------- <type 'exceptions.AttributeError'> : 'NoneType' object has no attribute 'getHeight'
Fri, 07 Mar 2014 17:45:22 ERROR    File cannot openE:\ProyectPython\PymageA\PymageA\src\modules\image_modules\deleteKU133.jpg.txt
Fri, 07 Mar 2014 17:45:22 INFO     set owner plataform Windows
Fri, 07 Mar 2014 17:45:22 ERROR    File cannot openE:\ProyectPython\PymageA\PymageA\src\modules\image_modules\deletewindows authentication.bmp.txt
Fri, 07 Mar 2014 17:45:22 INFO     set owner plataform Windows
Fri, 07 Mar 2014 17:45:23 ERROR    File cannot openE:\ProyectPython\PymageA\PymageA\src\modules\image_modules\deletecharts.png.txt
Fri, 07 Mar 2014 17:45:23 INFO     set owner plataform Windows
Fri, 07 Mar 2014 17:45:23 ERROR    File cannot openE:\ProyectPython\PymageA\PymageA\src\modules\image_modules\deletecharts1.bmp.txt
Fri, 07 Mar 2014 17:45:23 INFO     set owner plataform Windows
Fri, 07 Mar 2014 17:45:23 ERROR    File cannot openE:\ProyectPython\PymageA\PymageA\src\modules\image_modules\deleteKU133.jpg.txt
Fri, 07 Mar 2014 17:45:23 INFO     set owner plataform Windows
Fri, 07 Mar 2014 17:45:23 ERROR    File cannot openE:\ProyectPython\PymageA\PymageA\src\modules\image_modules\deletevirtualCIssue1.png.txt
Fri, 07 Mar 2014 17:45:23 INFO     set owner plataform Windows
Fri, 07 Mar 2014 17:45:32 INFO     The imageC:\testers\copies images\copiessize\charts.png was rotated
