Thu, 06 Mar 2014 06:39:47 INFO     set owner plataform Windows
Thu, 06 Mar 2014 06:39:47 INFO     set owner plataform Windows
Thu, 06 Mar 2014 06:39:47 INFO     set owner plataform Windows
Thu, 06 Mar 2014 06:39:48 INFO     set owner plataform Windows
Thu, 06 Mar 2014 06:39:48 INFO     set owner plataform Windows
Thu, 06 Mar 2014 06:39:48 INFO     set owner plataform Windows
Thu, 06 Mar 2014 06:39:48 INFO     set owner plataform Windows
Thu, 06 Mar 2014 06:39:48 INFO     set owner plataform Windows
Thu, 06 Mar 2014 06:39:48 INFO     set owner plataform Windows
Thu, 06 Mar 2014 06:39:48 INFO     set owner plataform Windows
Thu, 06 Mar 2014 06:39:48 INFO     set owner plataform Windows
Thu, 06 Mar 2014 06:39:48 INFO     set owner plataform Windows
Thu, 06 Mar 2014 18:01:59 INFO     set owner plataform Windows
Thu, 06 Mar 2014 18:01:59 INFO     set owner plataform Windows
Thu, 06 Mar 2014 18:01:59 INFO     set owner plataform Windows
Thu, 06 Mar 2014 18:01:59 INFO     set owner plataform Windows
Thu, 06 Mar 2014 18:01:59 INFO     set owner plataform Windows
Thu, 06 Mar 2014 18:01:59 ERROR    File cannot openE:\ProyectPython\PymageA\PymageA\src\modules\image_modules\deletewindows authentication.bmp.txt
Thu, 06 Mar 2014 18:01:59 INFO     set owner plataform Windows
Thu, 06 Mar 2014 18:02:00 ERROR    File cannot openE:\ProyectPython\PymageA\PymageA\src\modules\image_modules\deleteKU133.jpg.txt
Thu, 06 Mar 2014 18:02:00 INFO     set owner plataform Windows
Thu, 06 Mar 2014 18:02:00 ERROR    File cannot openE:\ProyectPython\PymageA\PymageA\src\modules\image_modules\deletewindows authentication.bmp.txt
Thu, 06 Mar 2014 18:02:00 INFO     set owner plataform Windows
Thu, 06 Mar 2014 18:02:00 ERROR    File cannot openE:\ProyectPython\PymageA\PymageA\src\modules\image_modules\deletecharts.png.txt
Thu, 06 Mar 2014 18:02:00 INFO     set owner plataform Windows
Thu, 06 Mar 2014 18:02:00 ERROR    File cannot openE:\ProyectPython\PymageA\PymageA\src\modules\image_modules\deletecharts1.bmp.txt
Thu, 06 Mar 2014 18:02:00 INFO     set owner plataform Windows
Thu, 06 Mar 2014 18:02:00 ERROR    File cannot openE:\ProyectPython\PymageA\PymageA\src\modules\image_modules\deleteKU133.jpg.txt
Thu, 06 Mar 2014 18:02:00 INFO     set owner plataform Windows
Thu, 06 Mar 2014 18:02:00 ERROR    File cannot openE:\ProyectPython\PymageA\PymageA\src\modules\image_modules\deletevirtualCIssue1.png.txt
Thu, 06 Mar 2014 18:02:00 INFO     set owner plataform Windows
Thu, 06 Mar 2014 18:11:18 INFO     set owner plataform Windows
Thu, 06 Mar 2014 18:11:19 INFO     set owner plataform Windows
Thu, 06 Mar 2014 18:11:19 INFO     set owner plataform Windows
Thu, 06 Mar 2014 18:11:19 INFO     set owner plataform Windows
Thu, 06 Mar 2014 18:11:19 INFO     set owner plataform Windows
Thu, 06 Mar 2014 18:11:19 ERROR    File cannot openE:\ProyectPython\PymageA\PymageA\src\modules\image_modules\deletewindows authentication.bmp.txt
Thu, 06 Mar 2014 18:11:19 INFO     set owner plataform Windows
Thu, 06 Mar 2014 18:11:19 ERROR    File cannot openE:\ProyectPython\PymageA\PymageA\src\modules\image_modules\deleteKU133.jpg.txt
Thu, 06 Mar 2014 18:11:19 INFO     set owner plataform Windows
Thu, 06 Mar 2014 18:11:19 ERROR    File cannot openE:\ProyectPython\PymageA\PymageA\src\modules\image_modules\deletewindows authentication.bmp.txt
Thu, 06 Mar 2014 18:11:19 INFO     set owner plataform Windows
Thu, 06 Mar 2014 18:11:19 ERROR    File cannot openE:\ProyectPython\PymageA\PymageA\src\modules\image_modules\deletecharts.png.txt
Thu, 06 Mar 2014 18:11:19 INFO     set owner plataform Windows
Thu, 06 Mar 2014 18:11:19 ERROR    File cannot openE:\ProyectPython\PymageA\PymageA\src\modules\image_modules\deletecharts1.bmp.txt
Thu, 06 Mar 2014 18:11:19 INFO     set owner plataform Windows
Thu, 06 Mar 2014 18:11:19 ERROR    File cannot openE:\ProyectPython\PymageA\PymageA\src\modules\image_modules\deleteKU133.jpg.txt
Thu, 06 Mar 2014 18:11:19 INFO     set owner plataform Windows
Thu, 06 Mar 2014 18:11:19 ERROR    File cannot openE:\ProyectPython\PymageA\PymageA\src\modules\image_modules\deletevirtualCIssue1.png.txt
Thu, 06 Mar 2014 18:11:19 INFO     set owner plataform Windows
Thu, 06 Mar 2014 18:19:49 INFO     set owner plataform Windows
Thu, 06 Mar 2014 18:19:49 INFO     set owner plataform Windows
Thu, 06 Mar 2014 18:19:49 INFO     set owner plataform Windows
Thu, 06 Mar 2014 18:19:49 INFO     set owner plataform Windows
Thu, 06 Mar 2014 18:19:49 INFO     set owner plataform Windows
Thu, 06 Mar 2014 18:19:49 ERROR    File cannot openE:\ProyectPython\PymageA\PymageA\src\modules\image_modules\deletewindows authentication.bmp.txt
Thu, 06 Mar 2014 18:19:49 INFO     set owner plataform Windows
Thu, 06 Mar 2014 18:19:49 ERROR    File cannot openE:\ProyectPython\PymageA\PymageA\src\modules\image_modules\deleteKU133.jpg.txt
Thu, 06 Mar 2014 18:19:49 INFO     set owner plataform Windows
Thu, 06 Mar 2014 18:19:49 ERROR    File cannot openE:\ProyectPython\PymageA\PymageA\src\modules\image_modules\deletewindows authentication.bmp.txt
Thu, 06 Mar 2014 18:19:49 INFO     set owner plataform Windows
Thu, 06 Mar 2014 18:19:49 ERROR    File cannot openE:\ProyectPython\PymageA\PymageA\src\modules\image_modules\deletecharts.png.txt
Thu, 06 Mar 2014 18:19:49 INFO     set owner plataform Windows
Thu, 06 Mar 2014 18:19:49 ERROR    File cannot openE:\ProyectPython\PymageA\PymageA\src\modules\image_modules\deletecharts1.bmp.txt
Thu, 06 Mar 2014 18:19:49 INFO     set owner plataform Windows
Thu, 06 Mar 2014 18:19:50 ERROR    File cannot openE:\ProyectPython\PymageA\PymageA\src\modules\image_modules\deleteKU133.jpg.txt
Thu, 06 Mar 2014 18:19:50 INFO     set owner plataform Windows
Thu, 06 Mar 2014 18:19:50 ERROR    File cannot openE:\ProyectPython\PymageA\PymageA\src\modules\image_modules\deletevirtualCIssue1.png.txt
Thu, 06 Mar 2014 18:19:50 INFO     set owner plataform Windows
Thu, 06 Mar 2014 19:38:11 ERROR    EXCEPTION------- <type 'exceptions.NameError'> : global name 'pwd' is not defined
Thu, 06 Mar 2014 19:38:11 ERROR    EXCEPTION------- <type 'exceptions.NameError'> : global name 'pwd' is not defined
Thu, 06 Mar 2014 19:38:11 ERROR    EXCEPTION------- <type 'exceptions.NameError'> : global name 'pwd' is not defined
Thu, 06 Mar 2014 19:38:40 ERROR    EXCEPTION------- <type 'exceptions.NameError'> : global name 'pwd' is not defined
Thu, 06 Mar 2014 19:38:40 ERROR    EXCEPTION------- <type 'exceptions.NameError'> : global name 'pwd' is not defined
Thu, 06 Mar 2014 19:38:40 ERROR    EXCEPTION------- <type 'exceptions.NameError'> : global name 'pwd' is not defined
Thu, 06 Mar 2014 19:39:22 ERROR    EXCEPTION------- <type 'exceptions.NameError'> : global name 'pwd' is not defined
Thu, 06 Mar 2014 19:39:22 ERROR    EXCEPTION------- <type 'exceptions.NameError'> : global name 'pwd' is not defined
Thu, 06 Mar 2014 19:39:22 ERROR    EXCEPTION------- <type 'exceptions.NameError'> : global name 'pwd' is not defined
Thu, 06 Mar 2014 19:52:19 ERROR    EXCEPTION------- <type 'exceptions.NameError'> : global name 'pwd' is not defined
Thu, 06 Mar 2014 19:52:19 ERROR    EXCEPTION------- <type 'exceptions.NameError'> : global name 'pwd' is not defined
Thu, 06 Mar 2014 19:52:19 ERROR    EXCEPTION------- <type 'exceptions.NameError'> : global name 'pwd' is not defined
Thu, 06 Mar 2014 19:53:20 ERROR    EXCEPTION------- <type 'exceptions.NameError'> : global name 'pwd' is not defined
Thu, 06 Mar 2014 19:53:20 ERROR    EXCEPTION------- <type 'exceptions.NameError'> : global name 'pwd' is not defined
Thu, 06 Mar 2014 19:53:20 ERROR    EXCEPTION------- <type 'exceptions.NameError'> : global name 'pwd' is not defined
Thu, 06 Mar 2014 19:57:05 ERROR    EXCEPTION------- <type 'exceptions.UnboundLocalError'> : local variable 'platform' referenced before assignment
Thu, 06 Mar 2014 19:57:05 ERROR    EXCEPTION------- <type 'exceptions.UnboundLocalError'> : local variable 'platform' referenced before assignment
Thu, 06 Mar 2014 19:57:05 ERROR    EXCEPTION------- <type 'exceptions.UnboundLocalError'> : local variable 'platform' referenced before assignment
Thu, 06 Mar 2014 19:58:18 INFO     set owner plataform Windows
Thu, 06 Mar 2014 19:58:18 INFO     set owner plataform Windows
Thu, 06 Mar 2014 19:58:18 INFO     set owner plataform Windows
Thu, 06 Mar 2014 19:58:18 INFO     set owner plataform Windows
Thu, 06 Mar 2014 19:58:19 INFO     set owner plataform Windows
Thu, 06 Mar 2014 19:58:19 ERROR    File cannot openE:\ProyectPython\PymageA\PymageA\src\modules\image_modules\deletewindows authentication.bmp.txt
Thu, 06 Mar 2014 19:58:19 INFO     set owner plataform Windows
Thu, 06 Mar 2014 19:58:19 ERROR    File cannot openE:\ProyectPython\PymageA\PymageA\src\modules\image_modules\deleteKU133.jpg.txt
Thu, 06 Mar 2014 19:58:19 INFO     set owner plataform Windows
Thu, 06 Mar 2014 19:58:19 ERROR    File cannot openE:\ProyectPython\PymageA\PymageA\src\modules\image_modules\deletewindows authentication.bmp.txt
Thu, 06 Mar 2014 19:58:19 INFO     set owner plataform Windows
Thu, 06 Mar 2014 19:58:19 ERROR    File cannot openE:\ProyectPython\PymageA\PymageA\src\modules\image_modules\deletecharts.png.txt
Thu, 06 Mar 2014 19:58:19 INFO     set owner plataform Windows
Thu, 06 Mar 2014 19:58:20 ERROR    File cannot openE:\ProyectPython\PymageA\PymageA\src\modules\image_modules\deletecharts1.bmp.txt
Thu, 06 Mar 2014 19:58:20 INFO     set owner plataform Windows
Thu, 06 Mar 2014 19:58:20 ERROR    File cannot openE:\ProyectPython\PymageA\PymageA\src\modules\image_modules\deleteKU133.jpg.txt
Thu, 06 Mar 2014 19:58:20 INFO     set owner plataform Windows
Thu, 06 Mar 2014 19:58:20 ERROR    File cannot openE:\ProyectPython\PymageA\PymageA\src\modules\image_modules\deletevirtualCIssue1.png.txt
Thu, 06 Mar 2014 19:58:20 INFO     set owner plataform Windows
Thu, 06 Mar 2014 20:00:38 INFO     set owner plataform Windows
Thu, 06 Mar 2014 20:00:38 INFO     set owner plataform Windows
Thu, 06 Mar 2014 20:00:38 INFO     set owner plataform Windows
Thu, 06 Mar 2014 20:00:38 INFO     set owner plataform Windows
Thu, 06 Mar 2014 20:00:38 INFO     set owner plataform Windows
Thu, 06 Mar 2014 20:00:38 ERROR    File cannot openE:\ProyectPython\PymageA\PymageA\src\modules\image_modules\deletewindows authentication.bmp.txt
Thu, 06 Mar 2014 20:00:38 INFO     set owner plataform Windows
Thu, 06 Mar 2014 20:00:38 ERROR    File cannot openE:\ProyectPython\PymageA\PymageA\src\modules\image_modules\deleteKU133.jpg.txt
Thu, 06 Mar 2014 20:00:38 INFO     set owner plataform Windows
Thu, 06 Mar 2014 20:00:39 ERROR    File cannot openE:\ProyectPython\PymageA\PymageA\src\modules\image_modules\deletewindows authentication.bmp.txt
Thu, 06 Mar 2014 20:00:39 INFO     set owner plataform Windows
Thu, 06 Mar 2014 20:00:39 ERROR    File cannot openE:\ProyectPython\PymageA\PymageA\src\modules\image_modules\deletecharts.png.txt
Thu, 06 Mar 2014 20:00:39 INFO     set owner plataform Windows
Thu, 06 Mar 2014 20:00:39 ERROR    File cannot openE:\ProyectPython\PymageA\PymageA\src\modules\image_modules\deletecharts1.bmp.txt
Thu, 06 Mar 2014 20:00:39 INFO     set owner plataform Windows
Thu, 06 Mar 2014 20:00:39 ERROR    File cannot openE:\ProyectPython\PymageA\PymageA\src\modules\image_modules\deleteKU133.jpg.txt
Thu, 06 Mar 2014 20:00:39 INFO     set owner plataform Windows
Thu, 06 Mar 2014 20:00:39 ERROR    File cannot openE:\ProyectPython\PymageA\PymageA\src\modules\image_modules\deletevirtualCIssue1.png.txt
Thu, 06 Mar 2014 20:00:39 INFO     set owner plataform Windows
Thu, 06 Mar 2014 20:03:57 INFO     set owner plataform Windows
Thu, 06 Mar 2014 20:03:57 INFO     set owner plataform Windows
Thu, 06 Mar 2014 20:03:58 INFO     set owner plataform Windows
Thu, 06 Mar 2014 20:03:58 INFO     set owner plataform Windows
Thu, 06 Mar 2014 20:03:58 INFO     set owner plataform Windows
Thu, 06 Mar 2014 20:03:58 ERROR    File cannot openE:\ProyectPython\PymageA\PymageA\src\modules\image_modules\deletewindows authentication.bmp.txt
Thu, 06 Mar 2014 20:03:58 INFO     set owner plataform Windows
Thu, 06 Mar 2014 20:03:58 ERROR    File cannot openE:\ProyectPython\PymageA\PymageA\src\modules\image_modules\deleteKU133.jpg.txt
Thu, 06 Mar 2014 20:03:58 INFO     set owner plataform Windows
Thu, 06 Mar 2014 20:03:58 ERROR    File cannot openE:\ProyectPython\PymageA\PymageA\src\modules\image_modules\deletewindows authentication.bmp.txt
Thu, 06 Mar 2014 20:03:58 INFO     set owner plataform Windows
Thu, 06 Mar 2014 20:03:58 ERROR    File cannot openE:\ProyectPython\PymageA\PymageA\src\modules\image_modules\deletecharts.png.txt
Thu, 06 Mar 2014 20:03:58 INFO     set owner plataform Windows
Thu, 06 Mar 2014 20:03:58 ERROR    File cannot openE:\ProyectPython\PymageA\PymageA\src\modules\image_modules\deletecharts1.bmp.txt
Thu, 06 Mar 2014 20:03:58 INFO     set owner plataform Windows
Thu, 06 Mar 2014 20:03:58 ERROR    File cannot openE:\ProyectPython\PymageA\PymageA\src\modules\image_modules\deleteKU133.jpg.txt
Thu, 06 Mar 2014 20:03:58 INFO     set owner plataform Windows
Thu, 06 Mar 2014 20:03:58 ERROR    File cannot openE:\ProyectPython\PymageA\PymageA\src\modules\image_modules\deletevirtualCIssue1.png.txt
Thu, 06 Mar 2014 20:03:58 INFO     set owner plataform Windows
Thu, 06 Mar 2014 20:12:50 INFO     set owner plataform Windows
Thu, 06 Mar 2014 20:12:50 INFO     set owner plataform Windows
Thu, 06 Mar 2014 20:12:50 INFO     set owner plataform Windows
Thu, 06 Mar 2014 20:12:51 INFO     set owner plataform Windows
Thu, 06 Mar 2014 20:12:51 INFO     set owner plataform Windows
Thu, 06 Mar 2014 20:12:51 ERROR    File cannot openE:\ProyectPython\PymageA\PymageA\src\modules\image_modules\deletewindows authentication.bmp.txt
Thu, 06 Mar 2014 20:12:51 INFO     set owner plataform Windows
Thu, 06 Mar 2014 20:12:51 ERROR    File cannot openE:\ProyectPython\PymageA\PymageA\src\modules\image_modules\deleteKU133.jpg.txt
Thu, 06 Mar 2014 20:12:51 INFO     set owner plataform Windows
Thu, 06 Mar 2014 20:12:51 ERROR    File cannot openE:\ProyectPython\PymageA\PymageA\src\modules\image_modules\deletewindows authentication.bmp.txt
Thu, 06 Mar 2014 20:12:51 INFO     set owner plataform Windows
Thu, 06 Mar 2014 20:12:51 ERROR    File cannot openE:\ProyectPython\PymageA\PymageA\src\modules\image_modules\deletecharts.png.txt
Thu, 06 Mar 2014 20:12:51 INFO     set owner plataform Windows
Thu, 06 Mar 2014 20:12:51 ERROR    File cannot openE:\ProyectPython\PymageA\PymageA\src\modules\image_modules\deletecharts1.bmp.txt
Thu, 06 Mar 2014 20:12:51 INFO     set owner plataform Windows
Thu, 06 Mar 2014 20:12:52 ERROR    File cannot openE:\ProyectPython\PymageA\PymageA\src\modules\image_modules\deleteKU133.jpg.txt
Thu, 06 Mar 2014 20:12:52 INFO     set owner plataform Windows
Thu, 06 Mar 2014 20:12:52 ERROR    File cannot openE:\ProyectPython\PymageA\PymageA\src\modules\image_modules\deletevirtualCIssue1.png.txt
Thu, 06 Mar 2014 20:12:52 INFO     set owner plataform Windows
Thu, 06 Mar 2014 20:13:15 INFO     set owner plataform Windows
Thu, 06 Mar 2014 20:13:15 ERROR    EXCEPTION------- <type 'exceptions.AttributeError'> : 'NoneType' object has no attribute 'getHeight'
Thu, 06 Mar 2014 20:13:15 ERROR    File cannot openE:\ProyectPython\PymageA\PymageA\src\modules\image_modules\deleteKU133.jpg.txt
Thu, 06 Mar 2014 20:13:15 INFO     set owner plataform Windows
Thu, 06 Mar 2014 20:13:15 ERROR    File cannot openE:\ProyectPython\PymageA\PymageA\src\modules\image_modules\deletewindows authentication.bmp.txt
Thu, 06 Mar 2014 20:13:15 INFO     set owner plataform Windows
Thu, 06 Mar 2014 20:13:15 ERROR    File cannot openE:\ProyectPython\PymageA\PymageA\src\modules\image_modules\deletecharts.png.txt
Thu, 06 Mar 2014 20:13:15 INFO     set owner plataform Windows
Thu, 06 Mar 2014 20:13:15 ERROR    File cannot openE:\ProyectPython\PymageA\PymageA\src\modules\image_modules\deletecharts1.bmp.txt
Thu, 06 Mar 2014 20:13:15 INFO     set owner plataform Windows
Thu, 06 Mar 2014 20:13:15 ERROR    File cannot openE:\ProyectPython\PymageA\PymageA\src\modules\image_modules\deleteKU133.jpg.txt
Thu, 06 Mar 2014 20:13:15 INFO     set owner plataform Windows
Thu, 06 Mar 2014 20:13:15 ERROR    File cannot openE:\ProyectPython\PymageA\PymageA\src\modules\image_modules\deletevirtualCIssue1.png.txt
Thu, 06 Mar 2014 20:13:15 INFO     set owner plataform Windows
Thu, 06 Mar 2014 20:13:38 INFO     set owner plataform Windows
Thu, 06 Mar 2014 20:13:38 ERROR    EXCEPTION------- <type 'exceptions.AttributeError'> : 'NoneType' object has no attribute 'getHeight'
Thu, 06 Mar 2014 20:13:38 ERROR    File cannot openE:\ProyectPython\PymageA\PymageA\src\modules\image_modules\deleteKU133.jpg.txt
Thu, 06 Mar 2014 20:13:38 INFO     set owner plataform Windows
Thu, 06 Mar 2014 20:13:38 ERROR    File cannot openE:\ProyectPython\PymageA\PymageA\src\modules\image_modules\deletewindows authentication.bmp.txt
Thu, 06 Mar 2014 20:13:38 INFO     set owner plataform Windows
Thu, 06 Mar 2014 20:13:38 ERROR    File cannot openE:\ProyectPython\PymageA\PymageA\src\modules\image_modules\deletecharts.png.txt
Thu, 06 Mar 2014 20:13:38 INFO     set owner plataform Windows
Thu, 06 Mar 2014 20:13:38 ERROR    File cannot openE:\ProyectPython\PymageA\PymageA\src\modules\image_modules\deletecharts1.bmp.txt
Thu, 06 Mar 2014 20:13:38 INFO     set owner plataform Windows
Thu, 06 Mar 2014 20:13:38 ERROR    File cannot openE:\ProyectPython\PymageA\PymageA\src\modules\image_modules\deleteKU133.jpg.txt
Thu, 06 Mar 2014 20:13:38 INFO     set owner plataform Windows
Thu, 06 Mar 2014 20:13:38 ERROR    File cannot openE:\ProyectPython\PymageA\PymageA\src\modules\image_modules\deletevirtualCIssue1.png.txt
Thu, 06 Mar 2014 20:13:38 INFO     set owner plataform Windows
Thu, 06 Mar 2014 20:16:52 INFO     set owner plataform Windows
Thu, 06 Mar 2014 20:16:52 INFO     set owner plataform Windows
Thu, 06 Mar 2014 20:16:52 INFO     set owner plataform Windows
Thu, 06 Mar 2014 20:16:52 INFO     set owner plataform Windows
Thu, 06 Mar 2014 20:16:52 ERROR    File cannot openE:\ProyectPython\PymageA\PymageA\src\modules\image_modules\deletewindows authentication.bmp.txt
Thu, 06 Mar 2014 20:16:52 INFO     set owner plataform Windows
Thu, 06 Mar 2014 20:16:52 ERROR    File cannot openE:\ProyectPython\PymageA\PymageA\src\modules\image_modules\deleteKU133.jpg.txt
Thu, 06 Mar 2014 20:16:52 INFO     set owner plataform Windows
Thu, 06 Mar 2014 20:16:52 ERROR    File cannot openE:\ProyectPython\PymageA\PymageA\src\modules\image_modules\deletewindows authentication.bmp.txt
Thu, 06 Mar 2014 20:16:52 INFO     set owner plataform Windows
Thu, 06 Mar 2014 20:16:52 ERROR    File cannot openE:\ProyectPython\PymageA\PymageA\src\modules\image_modules\deletecharts.png.txt
Thu, 06 Mar 2014 20:16:52 INFO     set owner plataform Windows
Thu, 06 Mar 2014 20:16:52 ERROR    File cannot openE:\ProyectPython\PymageA\PymageA\src\modules\image_modules\deletecharts1.bmp.txt
Thu, 06 Mar 2014 20:16:52 INFO     set owner plataform Windows
Thu, 06 Mar 2014 20:16:52 ERROR    File cannot openE:\ProyectPython\PymageA\PymageA\src\modules\image_modules\deleteKU133.jpg.txt
Thu, 06 Mar 2014 20:16:52 INFO     set owner plataform Windows
Thu, 06 Mar 2014 20:16:53 ERROR    File cannot openE:\ProyectPython\PymageA\PymageA\src\modules\image_modules\deletevirtualCIssue1.png.txt
Thu, 06 Mar 2014 20:16:53 INFO     set owner plataform Windows
Thu, 06 Mar 2014 20:20:59 INFO     set owner plataform Windows
Thu, 06 Mar 2014 20:20:59 INFO     set owner plataform Windows
Thu, 06 Mar 2014 20:20:59 INFO     set owner plataform Windows
Thu, 06 Mar 2014 20:20:59 INFO     set owner plataform Windows
Thu, 06 Mar 2014 20:21:00 ERROR    File cannot openE:\ProyectPython\PymageA\PymageA\src\modules\image_modules\deletewindows authentication.bmp.txt
Thu, 06 Mar 2014 20:21:00 INFO     set owner plataform Windows
Thu, 06 Mar 2014 20:21:00 ERROR    File cannot openE:\ProyectPython\PymageA\PymageA\src\modules\image_modules\deleteKU133.jpg.txt
Thu, 06 Mar 2014 20:21:00 INFO     set owner plataform Windows
Thu, 06 Mar 2014 20:21:00 ERROR    File cannot openE:\ProyectPython\PymageA\PymageA\src\modules\image_modules\deletewindows authentication.bmp.txt
Thu, 06 Mar 2014 20:21:00 INFO     set owner plataform Windows
Thu, 06 Mar 2014 20:21:00 ERROR    File cannot openE:\ProyectPython\PymageA\PymageA\src\modules\image_modules\deletecharts.png.txt
Thu, 06 Mar 2014 20:21:00 INFO     set owner plataform Windows
Thu, 06 Mar 2014 20:21:00 ERROR    File cannot openE:\ProyectPython\PymageA\PymageA\src\modules\image_modules\deletecharts1.bmp.txt
Thu, 06 Mar 2014 20:21:00 INFO     set owner plataform Windows
Thu, 06 Mar 2014 20:21:00 ERROR    File cannot openE:\ProyectPython\PymageA\PymageA\src\modules\image_modules\deleteKU133.jpg.txt
Thu, 06 Mar 2014 20:21:00 INFO     set owner plataform Windows
Thu, 06 Mar 2014 20:21:01 ERROR    File cannot openE:\ProyectPython\PymageA\PymageA\src\modules\image_modules\deletevirtualCIssue1.png.txt
Thu, 06 Mar 2014 20:21:01 INFO     set owner plataform Windows
Thu, 06 Mar 2014 20:21:53 INFO     set owner plataform Windows
Thu, 06 Mar 2014 20:21:53 INFO     set owner plataform Windows
Thu, 06 Mar 2014 20:21:53 INFO     set owner plataform Windows
Thu, 06 Mar 2014 20:21:53 INFO     set owner plataform Windows
Thu, 06 Mar 2014 20:21:53 ERROR    File cannot openE:\ProyectPython\PymageA\PymageA\src\modules\image_modules\deletewindows authentication.bmp.txt
Thu, 06 Mar 2014 20:21:53 INFO     set owner plataform Windows
Thu, 06 Mar 2014 20:21:53 ERROR    File cannot openE:\ProyectPython\PymageA\PymageA\src\modules\image_modules\deleteKU133.jpg.txt
Thu, 06 Mar 2014 20:21:53 INFO     set owner plataform Windows
Thu, 06 Mar 2014 20:21:53 ERROR    File cannot openE:\ProyectPython\PymageA\PymageA\src\modules\image_modules\deletewindows authentication.bmp.txt
Thu, 06 Mar 2014 20:21:53 INFO     set owner plataform Windows
Thu, 06 Mar 2014 20:21:53 ERROR    File cannot openE:\ProyectPython\PymageA\PymageA\src\modules\image_modules\deletecharts.png.txt
Thu, 06 Mar 2014 20:21:53 INFO     set owner plataform Windows
Thu, 06 Mar 2014 20:21:53 ERROR    File cannot openE:\ProyectPython\PymageA\PymageA\src\modules\image_modules\deletecharts1.bmp.txt
Thu, 06 Mar 2014 20:21:53 INFO     set owner plataform Windows
Thu, 06 Mar 2014 20:21:54 ERROR    File cannot openE:\ProyectPython\PymageA\PymageA\src\modules\image_modules\deleteKU133.jpg.txt
Thu, 06 Mar 2014 20:21:54 INFO     set owner plataform Windows
Thu, 06 Mar 2014 20:21:54 ERROR    File cannot openE:\ProyectPython\PymageA\PymageA\src\modules\image_modules\deletevirtualCIssue1.png.txt
Thu, 06 Mar 2014 20:21:54 INFO     set owner plataform Windows
Thu, 06 Mar 2014 20:22:17 INFO     set owner plataform Windows
Thu, 06 Mar 2014 20:22:17 INFO     set owner plataform Windows
Thu, 06 Mar 2014 20:22:18 INFO     set owner plataform Windows
Thu, 06 Mar 2014 20:22:18 INFO     set owner plataform Windows
Thu, 06 Mar 2014 20:22:18 ERROR    File cannot openE:\ProyectPython\PymageA\PymageA\src\modules\image_modules\deletewindows authentication.bmp.txt
Thu, 06 Mar 2014 20:22:18 INFO     set owner plataform Windows
Thu, 06 Mar 2014 20:22:18 ERROR    File cannot openE:\ProyectPython\PymageA\PymageA\src\modules\image_modules\deleteKU133.jpg.txt
Thu, 06 Mar 2014 20:22:18 INFO     set owner plataform Windows
Thu, 06 Mar 2014 20:22:18 ERROR    File cannot openE:\ProyectPython\PymageA\PymageA\src\modules\image_modules\deletewindows authentication.bmp.txt
Thu, 06 Mar 2014 20:22:18 INFO     set owner plataform Windows
Thu, 06 Mar 2014 20:22:18 ERROR    File cannot openE:\ProyectPython\PymageA\PymageA\src\modules\image_modules\deletecharts.png.txt
Thu, 06 Mar 2014 20:22:18 INFO     set owner plataform Windows
Thu, 06 Mar 2014 20:22:18 ERROR    File cannot openE:\ProyectPython\PymageA\PymageA\src\modules\image_modules\deletecharts1.bmp.txt
Thu, 06 Mar 2014 20:22:18 INFO     set owner plataform Windows
Thu, 06 Mar 2014 20:22:18 ERROR    File cannot openE:\ProyectPython\PymageA\PymageA\src\modules\image_modules\deleteKU133.jpg.txt
Thu, 06 Mar 2014 20:22:18 INFO     set owner plataform Windows
Thu, 06 Mar 2014 20:22:18 ERROR    File cannot openE:\ProyectPython\PymageA\PymageA\src\modules\image_modules\deletevirtualCIssue1.png.txt
Thu, 06 Mar 2014 20:22:18 INFO     set owner plataform Windows
Thu, 06 Mar 2014 20:23:24 INFO     set owner plataform Windows
Thu, 06 Mar 2014 20:23:24 INFO     set owner plataform Windows
Thu, 06 Mar 2014 20:23:24 INFO     set owner plataform Windows
Thu, 06 Mar 2014 20:23:24 INFO     set owner plataform Windows
Thu, 06 Mar 2014 20:23:24 ERROR    File cannot openE:\ProyectPython\PymageA\PymageA\src\modules\image_modules\deletewindows authentication.bmp.txt
Thu, 06 Mar 2014 20:23:24 INFO     set owner plataform Windows
Thu, 06 Mar 2014 20:23:25 ERROR    File cannot openE:\ProyectPython\PymageA\PymageA\src\modules\image_modules\deleteKU133.jpg.txt
Thu, 06 Mar 2014 20:23:25 INFO     set owner plataform Windows
Thu, 06 Mar 2014 20:23:25 ERROR    File cannot openE:\ProyectPython\PymageA\PymageA\src\modules\image_modules\deletewindows authentication.bmp.txt
Thu, 06 Mar 2014 20:23:25 INFO     set owner plataform Windows
Thu, 06 Mar 2014 20:23:25 ERROR    File cannot openE:\ProyectPython\PymageA\PymageA\src\modules\image_modules\deletecharts.png.txt
Thu, 06 Mar 2014 20:23:25 INFO     set owner plataform Windows
Thu, 06 Mar 2014 20:23:25 ERROR    File cannot openE:\ProyectPython\PymageA\PymageA\src\modules\image_modules\deletecharts1.bmp.txt
Thu, 06 Mar 2014 20:23:25 INFO     set owner plataform Windows
Thu, 06 Mar 2014 20:23:25 ERROR    File cannot openE:\ProyectPython\PymageA\PymageA\src\modules\image_modules\deleteKU133.jpg.txt
Thu, 06 Mar 2014 20:23:25 INFO     set owner plataform Windows
Thu, 06 Mar 2014 20:23:25 ERROR    File cannot openE:\ProyectPython\PymageA\PymageA\src\modules\image_modules\deletevirtualCIssue1.png.txt
Thu, 06 Mar 2014 20:23:25 INFO     set owner plataform Windows
Thu, 06 Mar 2014 20:24:16 ERROR    EXCEPTION------- <type 'exceptions.AttributeError'> : 'NoneType' object has no attribute 'getHeight'
Thu, 06 Mar 2014 20:24:16 ERROR    File cannot openE:\ProyectPython\PymageA\PymageA\src\modules\image_modules\deleteKU133.jpg.txt
Thu, 06 Mar 2014 20:24:16 INFO     set owner plataform Windows
Thu, 06 Mar 2014 20:24:16 ERROR    File cannot openE:\ProyectPython\PymageA\PymageA\src\modules\image_modules\deletewindows authentication.bmp.txt
Thu, 06 Mar 2014 20:24:16 INFO     set owner plataform Windows
Thu, 06 Mar 2014 20:24:16 ERROR    File cannot openE:\ProyectPython\PymageA\PymageA\src\modules\image_modules\deletecharts.png.txt
Thu, 06 Mar 2014 20:24:16 INFO     set owner plataform Windows
Thu, 06 Mar 2014 20:24:16 ERROR    File cannot openE:\ProyectPython\PymageA\PymageA\src\modules\image_modules\deletecharts1.bmp.txt
Thu, 06 Mar 2014 20:24:16 INFO     set owner plataform Windows
Thu, 06 Mar 2014 20:24:16 ERROR    File cannot openE:\ProyectPython\PymageA\PymageA\src\modules\image_modules\deleteKU133.jpg.txt
Thu, 06 Mar 2014 20:24:16 INFO     set owner plataform Windows
Thu, 06 Mar 2014 20:24:16 ERROR    File cannot openE:\ProyectPython\PymageA\PymageA\src\modules\image_modules\deletevirtualCIssue1.png.txt
Thu, 06 Mar 2014 20:24:16 INFO     set owner plataform Windows
Thu, 06 Mar 2014 20:24:44 ERROR    EXCEPTION------- <type 'exceptions.AttributeError'> : 'NoneType' object has no attribute 'getHeight'
Thu, 06 Mar 2014 20:24:44 ERROR    File cannot openE:\ProyectPython\PymageA\PymageA\src\modules\image_modules\deleteKU133.jpg.txt
Thu, 06 Mar 2014 20:24:44 INFO     set owner plataform Windows
Thu, 06 Mar 2014 20:24:44 ERROR    File cannot openE:\ProyectPython\PymageA\PymageA\src\modules\image_modules\deletewindows authentication.bmp.txt
Thu, 06 Mar 2014 20:24:44 INFO     set owner plataform Windows
Thu, 06 Mar 2014 20:24:44 ERROR    File cannot openE:\ProyectPython\PymageA\PymageA\src\modules\image_modules\deletecharts.png.txt
Thu, 06 Mar 2014 20:24:44 INFO     set owner plataform Windows
Thu, 06 Mar 2014 20:24:44 ERROR    File cannot openE:\ProyectPython\PymageA\PymageA\src\modules\image_modules\deletecharts1.bmp.txt
Thu, 06 Mar 2014 20:24:44 INFO     set owner plataform Windows
Thu, 06 Mar 2014 20:24:44 ERROR    File cannot openE:\ProyectPython\PymageA\PymageA\src\modules\image_modules\deleteKU133.jpg.txt
Thu, 06 Mar 2014 20:24:44 INFO     set owner plataform Windows
Thu, 06 Mar 2014 20:24:44 ERROR    File cannot openE:\ProyectPython\PymageA\PymageA\src\modules\image_modules\deletevirtualCIssue1.png.txt
Thu, 06 Mar 2014 20:24:44 INFO     set owner plataform Windows
Thu, 06 Mar 2014 20:32:15 ERROR    EXCEPTION------- <type 'exceptions.AttributeError'> : 'NoneType' object has no attribute 'getHeight'
Thu, 06 Mar 2014 20:32:15 ERROR    File cannot openE:\ProyectPython\PymageA\PymageA\src\modules\image_modules\deleteKU133.jpg.txt
Thu, 06 Mar 2014 20:32:15 INFO     set owner plataform Windows
Thu, 06 Mar 2014 20:32:15 ERROR    File cannot openE:\ProyectPython\PymageA\PymageA\src\modules\image_modules\deletewindows authentication.bmp.txt
Thu, 06 Mar 2014 20:32:15 INFO     set owner plataform Windows
Thu, 06 Mar 2014 20:32:15 ERROR    File cannot openE:\ProyectPython\PymageA\PymageA\src\modules\image_modules\deletecharts.png.txt
Thu, 06 Mar 2014 20:32:15 INFO     set owner plataform Windows
Thu, 06 Mar 2014 20:32:15 ERROR    File cannot openE:\ProyectPython\PymageA\PymageA\src\modules\image_modules\deletecharts1.bmp.txt
Thu, 06 Mar 2014 20:32:15 INFO     set owner plataform Windows
Thu, 06 Mar 2014 20:32:15 ERROR    File cannot openE:\ProyectPython\PymageA\PymageA\src\modules\image_modules\deleteKU133.jpg.txt
Thu, 06 Mar 2014 20:32:15 INFO     set owner plataform Windows
Thu, 06 Mar 2014 20:32:15 ERROR    File cannot openE:\ProyectPython\PymageA\PymageA\src\modules\image_modules\deletevirtualCIssue1.png.txt
Thu, 06 Mar 2014 20:32:15 INFO     set owner plataform Windows
Thu, 06 Mar 2014 20:33:04 ERROR    EXCEPTION------- <type 'exceptions.AttributeError'> : 'NoneType' object has no attribute 'getHeight'
Thu, 06 Mar 2014 20:33:05 ERROR    File cannot openE:\ProyectPython\PymageA\PymageA\src\modules\image_modules\deleteKU133.jpg.txt
Thu, 06 Mar 2014 20:33:05 INFO     set owner plataform Windows
Thu, 06 Mar 2014 20:33:05 ERROR    File cannot openE:\ProyectPython\PymageA\PymageA\src\modules\image_modules\deletewindows authentication.bmp.txt
Thu, 06 Mar 2014 20:33:05 INFO     set owner plataform Windows
Thu, 06 Mar 2014 20:33:05 ERROR    File cannot openE:\ProyectPython\PymageA\PymageA\src\modules\image_modules\deletecharts.png.txt
Thu, 06 Mar 2014 20:33:05 INFO     set owner plataform Windows
Thu, 06 Mar 2014 20:33:05 ERROR    File cannot openE:\ProyectPython\PymageA\PymageA\src\modules\image_modules\deletecharts1.bmp.txt
Thu, 06 Mar 2014 20:33:05 INFO     set owner plataform Windows
Thu, 06 Mar 2014 20:33:05 ERROR    File cannot openE:\ProyectPython\PymageA\PymageA\src\modules\image_modules\deleteKU133.jpg.txt
Thu, 06 Mar 2014 20:33:05 INFO     set owner plataform Windows
Thu, 06 Mar 2014 20:33:05 ERROR    File cannot openE:\ProyectPython\PymageA\PymageA\src\modules\image_modules\deletevirtualCIssue1.png.txt
Thu, 06 Mar 2014 20:33:05 INFO     set owner plataform Windows
Thu, 06 Mar 2014 20:33:50 ERROR    EXCEPTION------- <type 'exceptions.AttributeError'> : 'NoneType' object has no attribute 'getHeight'
Thu, 06 Mar 2014 20:33:50 ERROR    File cannot openE:\ProyectPython\PymageA\PymageA\src\modules\image_modules\deleteKU133.jpg.txt
Thu, 06 Mar 2014 20:33:50 INFO     set owner plataform Windows
Thu, 06 Mar 2014 20:33:50 ERROR    File cannot openE:\ProyectPython\PymageA\PymageA\src\modules\image_modules\deletewindows authentication.bmp.txt
Thu, 06 Mar 2014 20:33:50 INFO     set owner plataform Windows
Thu, 06 Mar 2014 20:33:50 ERROR    File cannot openE:\ProyectPython\PymageA\PymageA\src\modules\image_modules\deletecharts.png.txt
Thu, 06 Mar 2014 20:33:50 INFO     set owner plataform Windows
Thu, 06 Mar 2014 20:33:50 ERROR    File cannot openE:\ProyectPython\PymageA\PymageA\src\modules\image_modules\deletecharts1.bmp.txt
Thu, 06 Mar 2014 20:33:50 INFO     set owner plataform Windows
Thu, 06 Mar 2014 20:33:51 ERROR    File cannot openE:\ProyectPython\PymageA\PymageA\src\modules\image_modules\deleteKU133.jpg.txt
Thu, 06 Mar 2014 20:33:51 INFO     set owner plataform Windows
Thu, 06 Mar 2014 20:33:51 ERROR    File cannot openE:\ProyectPython\PymageA\PymageA\src\modules\image_modules\deletevirtualCIssue1.png.txt
Thu, 06 Mar 2014 20:33:51 INFO     set owner plataform Windows
Thu, 06 Mar 2014 20:33:53 ERROR    EXCEPTION------- <type 'exceptions.AttributeError'> : 'NoneType' object has no attribute 'getHeight'
Thu, 06 Mar 2014 20:33:53 ERROR    File cannot openE:\ProyectPython\PymageA\PymageA\src\modules\image_modules\deleteKU133.jpg.txt
Thu, 06 Mar 2014 20:33:53 INFO     set owner plataform Windows
Thu, 06 Mar 2014 20:33:53 ERROR    File cannot openE:\ProyectPython\PymageA\PymageA\src\modules\image_modules\deletewindows authentication.bmp.txt
Thu, 06 Mar 2014 20:33:53 INFO     set owner plataform Windows
Thu, 06 Mar 2014 20:33:53 ERROR    File cannot openE:\ProyectPython\PymageA\PymageA\src\modules\image_modules\deletecharts.png.txt
Thu, 06 Mar 2014 20:33:53 INFO     set owner plataform Windows
Thu, 06 Mar 2014 20:33:53 ERROR    File cannot openE:\ProyectPython\PymageA\PymageA\src\modules\image_modules\deletecharts1.bmp.txt
Thu, 06 Mar 2014 20:33:53 INFO     set owner plataform Windows
Thu, 06 Mar 2014 20:33:53 ERROR    File cannot openE:\ProyectPython\PymageA\PymageA\src\modules\image_modules\deleteKU133.jpg.txt
Thu, 06 Mar 2014 20:33:53 INFO     set owner plataform Windows
Thu, 06 Mar 2014 20:33:53 ERROR    File cannot openE:\ProyectPython\PymageA\PymageA\src\modules\image_modules\deletevirtualCIssue1.png.txt
Thu, 06 Mar 2014 20:33:53 INFO     set owner plataform Windows
Thu, 06 Mar 2014 20:33:55 ERROR    EXCEPTION------- <type 'exceptions.AttributeError'> : 'NoneType' object has no attribute 'getHeight'
Thu, 06 Mar 2014 20:33:55 ERROR    File cannot openE:\ProyectPython\PymageA\PymageA\src\modules\image_modules\deleteKU133.jpg.txt
Thu, 06 Mar 2014 20:33:55 INFO     set owner plataform Windows
Thu, 06 Mar 2014 20:33:55 ERROR    File cannot openE:\ProyectPython\PymageA\PymageA\src\modules\image_modules\deletewindows authentication.bmp.txt
Thu, 06 Mar 2014 20:33:55 INFO     set owner plataform Windows
Thu, 06 Mar 2014 20:33:55 ERROR    File cannot openE:\ProyectPython\PymageA\PymageA\src\modules\image_modules\deletecharts.png.txt
Thu, 06 Mar 2014 20:33:55 INFO     set owner plataform Windows
Thu, 06 Mar 2014 20:33:55 ERROR    File cannot openE:\ProyectPython\PymageA\PymageA\src\modules\image_modules\deletecharts1.bmp.txt
Thu, 06 Mar 2014 20:33:55 INFO     set owner plataform Windows
Thu, 06 Mar 2014 20:33:55 ERROR    File cannot openE:\ProyectPython\PymageA\PymageA\src\modules\image_modules\deleteKU133.jpg.txt
Thu, 06 Mar 2014 20:33:55 INFO     set owner plataform Windows
Thu, 06 Mar 2014 20:33:55 ERROR    File cannot openE:\ProyectPython\PymageA\PymageA\src\modules\image_modules\deletevirtualCIssue1.png.txt
Thu, 06 Mar 2014 20:33:55 INFO     set owner plataform Windows
Thu, 06 Mar 2014 20:33:55 INFO     list of duplicated obtained wihtout problem
Thu, 06 Mar 2014 20:39:15 INFO     set owner plataform Windows
Thu, 06 Mar 2014 20:39:16 INFO     set owner plataform Windows
Thu, 06 Mar 2014 20:39:16 INFO     set owner plataform Windows
Thu, 06 Mar 2014 20:39:16 INFO     set owner plataform Windows
Thu, 06 Mar 2014 20:39:16 INFO     set owner plataform Windows
Thu, 06 Mar 2014 20:39:16 INFO     set owner plataform Windows
Thu, 06 Mar 2014 20:39:16 INFO     set owner plataform Windows
Thu, 06 Mar 2014 20:42:44 INFO     list of duplicated obtained wihtout problem
Thu, 06 Mar 2014 20:43:17 ERROR    EXCEPTION------- <type 'exceptions.AttributeError'> : 'NoneType' object has no attribute 'getHeight'
Thu, 06 Mar 2014 20:43:18 ERROR    File cannot openE:\ProyectPython\PymageA\PymageA\src\modules\image_modules\deleteKU133.jpg.txt
Thu, 06 Mar 2014 20:43:18 INFO     set owner plataform Windows
Thu, 06 Mar 2014 20:43:18 ERROR    File cannot openE:\ProyectPython\PymageA\PymageA\src\modules\image_modules\deletewindows authentication.bmp.txt
Thu, 06 Mar 2014 20:43:18 INFO     set owner plataform Windows
Thu, 06 Mar 2014 20:43:18 ERROR    File cannot openE:\ProyectPython\PymageA\PymageA\src\modules\image_modules\deletecharts.png.txt
Thu, 06 Mar 2014 20:43:18 INFO     set owner plataform Windows
Thu, 06 Mar 2014 20:43:18 ERROR    File cannot openE:\ProyectPython\PymageA\PymageA\src\modules\image_modules\deletecharts1.bmp.txt
Thu, 06 Mar 2014 20:43:18 INFO     set owner plataform Windows
Thu, 06 Mar 2014 20:43:18 ERROR    File cannot openE:\ProyectPython\PymageA\PymageA\src\modules\image_modules\deleteKU133.jpg.txt
Thu, 06 Mar 2014 20:43:18 INFO     set owner plataform Windows
Thu, 06 Mar 2014 20:43:18 ERROR    File cannot openE:\ProyectPython\PymageA\PymageA\src\modules\image_modules\deletevirtualCIssue1.png.txt
Thu, 06 Mar 2014 20:43:18 INFO     set owner plataform Windows
Thu, 06 Mar 2014 20:43:24 ERROR    EXCEPTION------- <type 'exceptions.AttributeError'> : 'NoneType' object has no attribute 'getHeight'
Thu, 06 Mar 2014 20:43:24 ERROR    File cannot openE:\ProyectPython\PymageA\PymageA\src\modules\image_modules\deleteKU133.jpg.txt
Thu, 06 Mar 2014 20:43:24 INFO     set owner plataform Windows
Thu, 06 Mar 2014 20:43:24 ERROR    File cannot openE:\ProyectPython\PymageA\PymageA\src\modules\image_modules\deletewindows authentication.bmp.txt
Thu, 06 Mar 2014 20:43:24 INFO     set owner plataform Windows
Thu, 06 Mar 2014 20:43:24 ERROR    File cannot openE:\ProyectPython\PymageA\PymageA\src\modules\image_modules\deletecharts.png.txt
Thu, 06 Mar 2014 20:43:24 INFO     set owner plataform Windows
Thu, 06 Mar 2014 20:43:24 ERROR    File cannot openE:\ProyectPython\PymageA\PymageA\src\modules\image_modules\deletecharts1.bmp.txt
Thu, 06 Mar 2014 20:43:24 INFO     set owner plataform Windows
Thu, 06 Mar 2014 20:43:24 ERROR    File cannot openE:\ProyectPython\PymageA\PymageA\src\modules\image_modules\deleteKU133.jpg.txt
Thu, 06 Mar 2014 20:43:24 INFO     set owner plataform Windows
Thu, 06 Mar 2014 20:43:24 ERROR    File cannot openE:\ProyectPython\PymageA\PymageA\src\modules\image_modules\deletevirtualCIssue1.png.txt
Thu, 06 Mar 2014 20:43:25 INFO     set owner plataform Windows
Thu, 06 Mar 2014 20:43:25 INFO     list of duplicated obtained wihtout problem
Thu, 06 Mar 2014 20:44:05 INFO     list of duplicated obtained wihtout problem
Thu, 06 Mar 2014 20:45:22 INFO     list of duplicated obtained wihtout problem
Thu, 06 Mar 2014 20:54:14 INFO     list of duplicated obtained wihtout problem
Thu, 06 Mar 2014 20:54:18 INFO     list of duplicated obtained wihtout problem
Thu, 06 Mar 2014 20:59:27 INFO     list of duplicated obtained wihtout problem
Thu, 06 Mar 2014 20:59:30 INFO     list of duplicated obtained wihtout problem
Thu, 06 Mar 2014 20:59:32 INFO     list of duplicated obtained wihtout problem
Thu, 06 Mar 2014 20:59:34 INFO     list of duplicated obtained wihtout problem
Thu, 06 Mar 2014 20:59:34 INFO     list of duplicated obtained wihtout problem
Thu, 06 Mar 2014 21:01:47 INFO     list of duplicated obtained wihtout problem
Thu, 06 Mar 2014 21:01:50 INFO     list of duplicated obtained wihtout problem
Thu, 06 Mar 2014 21:01:52 INFO     list of duplicated obtained wihtout problem
Fri, 07 Mar 2014 06:22:46 INFO     list of duplicated obtained wihtout problem
