Sat, 15 Mar 2014 09:42:25 INFO     set owner plataform Windows
Sat, 15 Mar 2014 09:42:25 INFO     set owner plataform Windows
Sat, 15 Mar 2014 09:42:25 INFO     set owner plataform Windows
Sat, 15 Mar 2014 09:42:26 INFO     set owner plataform Windows
Sat, 15 Mar 2014 09:42:26 INFO     set owner plataform Windows
Sat, 15 Mar 2014 09:43:24 INFO     list of duplicated obtained wihtout problem
Sat, 15 Mar 2014 09:43:33 INFO     set owner plataform Windows
Sat, 15 Mar 2014 09:43:33 INFO     set owner plataform Windows
Sat, 15 Mar 2014 09:43:33 INFO     set owner plataform Windows
Sat, 15 Mar 2014 09:43:34 INFO     set owner plataform Windows
Sat, 15 Mar 2014 09:43:34 INFO     set owner plataform Windows
Sat, 15 Mar 2014 09:45:08 INFO     set owner plataform Windows
Sat, 15 Mar 2014 09:45:09 INFO     set owner plataform Windows
Sat, 15 Mar 2014 09:45:09 INFO     set owner plataform Windows
Sat, 15 Mar 2014 09:45:09 INFO     set owner plataform Windows
Sat, 15 Mar 2014 09:45:09 INFO     set owner plataform Windows
Sat, 15 Mar 2014 09:48:29 INFO     set owner plataform Windows
Sat, 15 Mar 2014 09:48:30 INFO     set owner plataform Windows
Sat, 15 Mar 2014 09:48:30 INFO     set owner plataform Windows
Sat, 15 Mar 2014 09:48:30 INFO     set owner plataform Windows
Sat, 15 Mar 2014 09:48:30 INFO     set owner plataform Windows
Sat, 15 Mar 2014 10:25:00 INFO     set owner plataform Windows
Sat, 15 Mar 2014 10:25:00 INFO     set owner plataform Windows
Sat, 15 Mar 2014 10:25:01 INFO     set owner plataform Windows
Sat, 15 Mar 2014 10:25:01 INFO     set owner plataform Windows
Sat, 15 Mar 2014 10:25:01 INFO     set owner plataform Windows
Sat, 15 Mar 2014 10:25:16 ERROR    EXCEPTION------- <type 'exceptions.AttributeError'> : 'NoneType' object has no attribute 'getHeight'
Sat, 15 Mar 2014 10:25:16 ERROR    File cannot openE:\ProyectPython\PymageA\PymageA\src\modules\image_modules\deleteKU133.jpg.txt
Sat, 15 Mar 2014 10:25:16 INFO     set owner plataform Windows
Sat, 15 Mar 2014 10:25:16 ERROR    File cannot openE:\ProyectPython\PymageA\PymageA\src\modules\image_modules\deletewindows authentication.bmp.txt
Sat, 15 Mar 2014 10:25:16 INFO     set owner plataform Windows
Sat, 15 Mar 2014 10:25:16 ERROR    File cannot openE:\ProyectPython\PymageA\PymageA\src\modules\image_modules\deletecharts.png.txt
Sat, 15 Mar 2014 10:25:16 INFO     set owner plataform Windows
Sat, 15 Mar 2014 10:25:16 ERROR    File cannot openE:\ProyectPython\PymageA\PymageA\src\modules\image_modules\deletecharts1.bmp.txt
Sat, 15 Mar 2014 10:25:16 INFO     set owner plataform Windows
Sat, 15 Mar 2014 10:25:16 ERROR    File cannot openE:\ProyectPython\PymageA\PymageA\src\modules\image_modules\deleteKU133.jpg.txt
Sat, 15 Mar 2014 10:25:16 INFO     set owner plataform Windows
Sat, 15 Mar 2014 10:25:16 ERROR    File cannot openE:\ProyectPython\PymageA\PymageA\src\modules\image_modules\deletevirtualCIssue1.png.txt
Sat, 15 Mar 2014 10:25:16 INFO     set owner plataform Windows
Sat, 15 Mar 2014 10:26:49 INFO     set owner plataform Windows
Sat, 15 Mar 2014 10:26:50 INFO     set owner plataform Windows
Sat, 15 Mar 2014 10:26:50 INFO     set owner plataform Windows
Sat, 15 Mar 2014 10:26:50 INFO     set owner plataform Windows
Sat, 15 Mar 2014 10:26:50 INFO     set owner plataform Windows
Sat, 15 Mar 2014 10:37:29 ERROR    EXCEPTION------- <type 'exceptions.AttributeError'> : 'NoneType' object has no attribute 'getHeight'
Sat, 15 Mar 2014 10:37:29 ERROR    File cannot openE:\ProyectPython\PymageA\PymageA\src\modules\image_modules\deleteKU133.jpg.txt
Sat, 15 Mar 2014 10:37:29 INFO     set owner plataform Windows
Sat, 15 Mar 2014 10:37:29 ERROR    File cannot openE:\ProyectPython\PymageA\PymageA\src\modules\image_modules\deletewindows authentication.bmp.txt
Sat, 15 Mar 2014 10:37:29 INFO     set owner plataform Windows
Sat, 15 Mar 2014 10:37:29 ERROR    File cannot openE:\ProyectPython\PymageA\PymageA\src\modules\image_modules\deletecharts.png.txt
Sat, 15 Mar 2014 10:37:29 INFO     set owner plataform Windows
Sat, 15 Mar 2014 10:37:29 ERROR    File cannot openE:\ProyectPython\PymageA\PymageA\src\modules\image_modules\deletecharts1.bmp.txt
Sat, 15 Mar 2014 10:37:29 INFO     set owner plataform Windows
Sat, 15 Mar 2014 10:37:29 ERROR    File cannot openE:\ProyectPython\PymageA\PymageA\src\modules\image_modules\deleteKU133.jpg.txt
Sat, 15 Mar 2014 10:37:29 INFO     set owner plataform Windows
Sat, 15 Mar 2014 10:37:30 ERROR    File cannot openE:\ProyectPython\PymageA\PymageA\src\modules\image_modules\deletevirtualCIssue1.png.txt
Sat, 15 Mar 2014 10:37:30 INFO     set owner plataform Windows
Sat, 15 Mar 2014 10:39:14 INFO     set owner plataform Windows
Sat, 15 Mar 2014 10:39:14 INFO     set owner plataform Windows
Sat, 15 Mar 2014 10:39:14 INFO     set owner plataform Windows
Sat, 15 Mar 2014 10:39:14 INFO     set owner plataform Windows
Sat, 15 Mar 2014 10:39:15 INFO     set owner plataform Windows
Sat, 15 Mar 2014 10:45:14 INFO     set owner plataform Windows
Sat, 15 Mar 2014 10:45:15 INFO     set owner plataform Windows
Sat, 15 Mar 2014 10:45:15 INFO     set owner plataform Windows
Sat, 15 Mar 2014 10:45:15 INFO     set owner plataform Windows
Sat, 15 Mar 2014 10:45:15 INFO     set owner plataform Windows
Sat, 15 Mar 2014 10:45:53 INFO     set owner plataform Windows
Sat, 15 Mar 2014 10:45:54 INFO     set owner plataform Windows
Sat, 15 Mar 2014 10:45:54 INFO     set owner plataform Windows
Sat, 15 Mar 2014 10:45:54 INFO     set owner plataform Windows
Sat, 15 Mar 2014 10:45:54 INFO     set owner plataform Windows
Sat, 15 Mar 2014 10:47:31 INFO     set owner plataform Windows
Sat, 15 Mar 2014 10:47:31 INFO     set owner plataform Windows
Sat, 15 Mar 2014 10:47:31 INFO     set owner plataform Windows
Sat, 15 Mar 2014 10:47:31 INFO     set owner plataform Windows
Sat, 15 Mar 2014 10:47:31 INFO     set owner plataform Windows
Sat, 15 Mar 2014 10:47:51 ERROR    EXCEPTION------- <type 'exceptions.AttributeError'> : 'NoneType' object has no attribute 'getHeight'
Sat, 15 Mar 2014 10:47:51 ERROR    File cannot openE:\ProyectPython\PymageA\PymageA\src\modules\image_modules\deleteKU133.jpg.txt
Sat, 15 Mar 2014 10:47:51 INFO     set owner plataform Windows
Sat, 15 Mar 2014 10:47:51 ERROR    File cannot openE:\ProyectPython\PymageA\PymageA\src\modules\image_modules\deletewindows authentication.bmp.txt
Sat, 15 Mar 2014 10:47:51 INFO     set owner plataform Windows
Sat, 15 Mar 2014 10:47:51 ERROR    File cannot openE:\ProyectPython\PymageA\PymageA\src\modules\image_modules\deletecharts.png.txt
Sat, 15 Mar 2014 10:47:51 INFO     set owner plataform Windows
Sat, 15 Mar 2014 10:47:51 ERROR    File cannot openE:\ProyectPython\PymageA\PymageA\src\modules\image_modules\deletecharts1.bmp.txt
Sat, 15 Mar 2014 10:47:51 INFO     set owner plataform Windows
Sat, 15 Mar 2014 10:47:51 ERROR    File cannot openE:\ProyectPython\PymageA\PymageA\src\modules\image_modules\deleteKU133.jpg.txt
Sat, 15 Mar 2014 10:47:51 INFO     set owner plataform Windows
Sat, 15 Mar 2014 10:47:51 ERROR    File cannot openE:\ProyectPython\PymageA\PymageA\src\modules\image_modules\deletevirtualCIssue1.png.txt
Sat, 15 Mar 2014 10:47:51 INFO     set owner plataform Windows
Sat, 15 Mar 2014 10:48:12 INFO     list of duplicated obtained wihtout problem
Sat, 15 Mar 2014 10:51:13 INFO     set owner plataform Windows
Sat, 15 Mar 2014 10:51:14 INFO     set owner plataform Windows
Sat, 15 Mar 2014 10:51:14 INFO     set owner plataform Windows
Sat, 15 Mar 2014 10:51:14 INFO     set owner plataform Windows
Sat, 15 Mar 2014 10:51:14 INFO     set owner plataform Windows
Sat, 15 Mar 2014 10:53:13 INFO     set owner plataform Windows
Sat, 15 Mar 2014 10:53:13 INFO     set owner plataform Windows
Sat, 15 Mar 2014 10:53:13 INFO     set owner plataform Windows
Sat, 15 Mar 2014 10:53:13 INFO     set owner plataform Windows
Sat, 15 Mar 2014 10:53:13 INFO     set owner plataform Windows
Sat, 15 Mar 2014 10:53:36 ERROR    EXCEPTION------- <type 'exceptions.AttributeError'> : 'NoneType' object has no attribute 'getHeight'
Sat, 15 Mar 2014 10:53:36 ERROR    File cannot openE:\ProyectPython\PymageA\PymageA\src\modules\image_modules\deleteKU133.jpg.txt
Sat, 15 Mar 2014 10:53:36 INFO     set owner plataform Windows
Sat, 15 Mar 2014 10:53:36 ERROR    File cannot openE:\ProyectPython\PymageA\PymageA\src\modules\image_modules\deletewindows authentication.bmp.txt
Sat, 15 Mar 2014 10:53:36 INFO     set owner plataform Windows
Sat, 15 Mar 2014 10:53:36 ERROR    File cannot openE:\ProyectPython\PymageA\PymageA\src\modules\image_modules\deletecharts.png.txt
Sat, 15 Mar 2014 10:53:36 INFO     set owner plataform Windows
Sat, 15 Mar 2014 10:53:36 ERROR    File cannot openE:\ProyectPython\PymageA\PymageA\src\modules\image_modules\deletecharts1.bmp.txt
Sat, 15 Mar 2014 10:53:36 INFO     set owner plataform Windows
Sat, 15 Mar 2014 10:53:36 ERROR    File cannot openE:\ProyectPython\PymageA\PymageA\src\modules\image_modules\deleteKU133.jpg.txt
Sat, 15 Mar 2014 10:53:36 INFO     set owner plataform Windows
Sat, 15 Mar 2014 10:53:36 ERROR    File cannot openE:\ProyectPython\PymageA\PymageA\src\modules\image_modules\deletevirtualCIssue1.png.txt
Sat, 15 Mar 2014 10:53:36 INFO     set owner plataform Windows
Sat, 15 Mar 2014 10:55:00 ERROR    EXCEPTION------- <type 'exceptions.AttributeError'> : 'NoneType' object has no attribute 'getHeight'
Sat, 15 Mar 2014 10:55:01 ERROR    File cannot openE:\ProyectPython\PymageA\PymageA\src\modules\image_modules\deleteKU133.jpg.txt
Sat, 15 Mar 2014 10:55:01 INFO     set owner plataform Windows
Sat, 15 Mar 2014 10:55:01 ERROR    File cannot openE:\ProyectPython\PymageA\PymageA\src\modules\image_modules\deletewindows authentication.bmp.txt
Sat, 15 Mar 2014 10:55:01 INFO     set owner plataform Windows
Sat, 15 Mar 2014 10:55:01 ERROR    File cannot openE:\ProyectPython\PymageA\PymageA\src\modules\image_modules\deletecharts.png.txt
Sat, 15 Mar 2014 10:55:01 INFO     set owner plataform Windows
Sat, 15 Mar 2014 10:55:01 ERROR    File cannot openE:\ProyectPython\PymageA\PymageA\src\modules\image_modules\deletecharts1.bmp.txt
Sat, 15 Mar 2014 10:55:01 INFO     set owner plataform Windows
Sat, 15 Mar 2014 10:55:01 ERROR    File cannot openE:\ProyectPython\PymageA\PymageA\src\modules\image_modules\deleteKU133.jpg.txt
Sat, 15 Mar 2014 10:55:01 INFO     set owner plataform Windows
Sat, 15 Mar 2014 10:55:01 ERROR    File cannot openE:\ProyectPython\PymageA\PymageA\src\modules\image_modules\deletevirtualCIssue1.png.txt
Sat, 15 Mar 2014 10:55:01 INFO     set owner plataform Windows
Sat, 15 Mar 2014 10:55:21 INFO     set owner plataform Windows
Sat, 15 Mar 2014 10:55:21 INFO     set owner plataform Windows
Sat, 15 Mar 2014 10:55:21 INFO     set owner plataform Windows
Sat, 15 Mar 2014 10:55:21 INFO     set owner plataform Windows
Sat, 15 Mar 2014 10:55:21 INFO     set owner plataform Windows
Sat, 15 Mar 2014 10:57:04 ERROR    EXCEPTION------- <type 'exceptions.AttributeError'> : 'NoneType' object has no attribute 'getHeight'
Sat, 15 Mar 2014 10:57:04 ERROR    File cannot openE:\ProyectPython\PymageA\PymageA\src\modules\image_modules\deleteKU133.jpg.txt
Sat, 15 Mar 2014 10:57:04 INFO     set owner plataform Windows
Sat, 15 Mar 2014 10:57:04 ERROR    File cannot openE:\ProyectPython\PymageA\PymageA\src\modules\image_modules\deletewindows authentication.bmp.txt
Sat, 15 Mar 2014 10:57:04 INFO     set owner plataform Windows
Sat, 15 Mar 2014 10:57:04 ERROR    File cannot openE:\ProyectPython\PymageA\PymageA\src\modules\image_modules\deletecharts.png.txt
Sat, 15 Mar 2014 10:57:04 INFO     set owner plataform Windows
Sat, 15 Mar 2014 10:57:05 ERROR    File cannot openE:\ProyectPython\PymageA\PymageA\src\modules\image_modules\deletecharts1.bmp.txt
Sat, 15 Mar 2014 10:57:05 INFO     set owner plataform Windows
Sat, 15 Mar 2014 10:57:05 ERROR    File cannot openE:\ProyectPython\PymageA\PymageA\src\modules\image_modules\deleteKU133.jpg.txt
Sat, 15 Mar 2014 10:57:05 INFO     set owner plataform Windows
Sat, 15 Mar 2014 10:57:05 ERROR    File cannot openE:\ProyectPython\PymageA\PymageA\src\modules\image_modules\deletevirtualCIssue1.png.txt
Sat, 15 Mar 2014 10:57:05 INFO     set owner plataform Windows
Sat, 15 Mar 2014 10:57:05 INFO     list of duplicated obtained wihtout problem
Sat, 15 Mar 2014 10:57:11 ERROR    EXCEPTION------- <type 'exceptions.AttributeError'> : 'NoneType' object has no attribute 'getHeight'
Sat, 15 Mar 2014 10:57:11 ERROR    File cannot openE:\ProyectPython\PymageA\PymageA\src\modules\image_modules\deleteKU133.jpg.txt
Sat, 15 Mar 2014 10:57:11 INFO     set owner plataform Windows
Sat, 15 Mar 2014 10:57:11 ERROR    File cannot openE:\ProyectPython\PymageA\PymageA\src\modules\image_modules\deletewindows authentication.bmp.txt
Sat, 15 Mar 2014 10:57:11 INFO     set owner plataform Windows
Sat, 15 Mar 2014 10:57:11 ERROR    File cannot openE:\ProyectPython\PymageA\PymageA\src\modules\image_modules\deletecharts.png.txt
Sat, 15 Mar 2014 10:57:11 INFO     set owner plataform Windows
Sat, 15 Mar 2014 10:57:11 ERROR    File cannot openE:\ProyectPython\PymageA\PymageA\src\modules\image_modules\deletecharts1.bmp.txt
Sat, 15 Mar 2014 10:57:11 INFO     set owner plataform Windows
Sat, 15 Mar 2014 10:57:11 ERROR    File cannot openE:\ProyectPython\PymageA\PymageA\src\modules\image_modules\deleteKU133.jpg.txt
Sat, 15 Mar 2014 10:57:11 INFO     set owner plataform Windows
Sat, 15 Mar 2014 10:57:12 ERROR    File cannot openE:\ProyectPython\PymageA\PymageA\src\modules\image_modules\deletevirtualCIssue1.png.txt
Sat, 15 Mar 2014 10:57:12 INFO     set owner plataform Windows
Sat, 15 Mar 2014 10:57:30 INFO     list of duplicated obtained wihtout problem
Sat, 15 Mar 2014 10:57:59 ERROR    EXCEPTION------- <type 'exceptions.AttributeError'> : 'NoneType' object has no attribute 'getHeight'
Sat, 15 Mar 2014 10:57:59 ERROR    File cannot openE:\ProyectPython\PymageA\PymageA\src\modules\image_modules\deleteKU133.jpg.txt
Sat, 15 Mar 2014 10:57:59 INFO     set owner plataform Windows
Sat, 15 Mar 2014 10:57:59 ERROR    File cannot openE:\ProyectPython\PymageA\PymageA\src\modules\image_modules\deletewindows authentication.bmp.txt
Sat, 15 Mar 2014 10:57:59 INFO     set owner plataform Windows
Sat, 15 Mar 2014 10:57:59 ERROR    File cannot openE:\ProyectPython\PymageA\PymageA\src\modules\image_modules\deletecharts.png.txt
Sat, 15 Mar 2014 10:57:59 INFO     set owner plataform Windows
Sat, 15 Mar 2014 10:57:59 ERROR    File cannot openE:\ProyectPython\PymageA\PymageA\src\modules\image_modules\deletecharts1.bmp.txt
Sat, 15 Mar 2014 10:58:00 INFO     set owner plataform Windows
Sat, 15 Mar 2014 10:58:00 ERROR    File cannot openE:\ProyectPython\PymageA\PymageA\src\modules\image_modules\deleteKU133.jpg.txt
Sat, 15 Mar 2014 10:58:00 INFO     set owner plataform Windows
Sat, 15 Mar 2014 10:58:00 ERROR    File cannot openE:\ProyectPython\PymageA\PymageA\src\modules\image_modules\deletevirtualCIssue1.png.txt
Sat, 15 Mar 2014 10:58:00 INFO     set owner plataform Windows
Sat, 15 Mar 2014 10:58:00 INFO     list of duplicated obtained wihtout problem
Sat, 15 Mar 2014 10:59:39 ERROR    File cannot openE:\ProyectPython\PymageA\PymageA\src\modules\image_modules\deleteimage1.png.txt
Sat, 15 Mar 2014 10:59:39 INFO     set owner plataform Windows
Sat, 15 Mar 2014 10:59:39 ERROR    File cannot openE:\ProyectPython\PymageA\PymageA\src\modules\image_modules\deleteimage1.png.txt
Sat, 15 Mar 2014 10:59:39 INFO     set owner plataform Windows
Sat, 15 Mar 2014 10:59:42 ERROR    File cannot openE:\ProyectPython\PymageA\PymageA\src\modules\image_modules\deleteimage1.png.txt
Sat, 15 Mar 2014 10:59:42 INFO     set owner plataform Windows
Sat, 15 Mar 2014 10:59:42 ERROR    File cannot openE:\ProyectPython\PymageA\PymageA\src\modules\image_modules\deleteimage1.png.txt
Sat, 15 Mar 2014 10:59:42 INFO     set owner plataform Windows
Sat, 15 Mar 2014 10:59:42 INFO     list of duplicated obtained wihtout problem
Sat, 15 Mar 2014 11:02:12 ERROR    EXCEPTION------- <type 'exceptions.AttributeError'> : 'NoneType' object has no attribute 'getHeight'
Sat, 15 Mar 2014 11:02:12 ERROR    File cannot openE:\ProyectPython\PymageA\PymageA\src\modules\image_modules\deleteKU133.jpg.txt
Sat, 15 Mar 2014 11:02:12 INFO     set owner plataform Windows
Sat, 15 Mar 2014 11:02:12 ERROR    File cannot openE:\ProyectPython\PymageA\PymageA\src\modules\image_modules\deletewindows authentication.bmp.txt
Sat, 15 Mar 2014 11:02:12 INFO     set owner plataform Windows
Sat, 15 Mar 2014 11:02:12 ERROR    File cannot openE:\ProyectPython\PymageA\PymageA\src\modules\image_modules\deletecharts.png.txt
Sat, 15 Mar 2014 11:02:12 INFO     set owner plataform Windows
Sat, 15 Mar 2014 11:02:12 ERROR    File cannot openE:\ProyectPython\PymageA\PymageA\src\modules\image_modules\deletecharts1.bmp.txt
Sat, 15 Mar 2014 11:02:12 INFO     set owner plataform Windows
Sat, 15 Mar 2014 11:02:12 ERROR    File cannot openE:\ProyectPython\PymageA\PymageA\src\modules\image_modules\deleteKU133.jpg.txt
Sat, 15 Mar 2014 11:02:12 INFO     set owner plataform Windows
Sat, 15 Mar 2014 11:02:12 ERROR    File cannot openE:\ProyectPython\PymageA\PymageA\src\modules\image_modules\deletevirtualCIssue1.png.txt
Sat, 15 Mar 2014 11:02:12 INFO     set owner plataform Windows
Sat, 15 Mar 2014 11:04:39 ERROR    EXCEPTION------- <type 'exceptions.AttributeError'> : 'NoneType' object has no attribute 'getHeight'
Sat, 15 Mar 2014 11:04:40 ERROR    File cannot openE:\ProyectPython\PymageA\PymageA\src\modules\image_modules\deleteKU133.jpg.txt
Sat, 15 Mar 2014 11:04:40 INFO     set owner plataform Windows
Sat, 15 Mar 2014 11:04:40 ERROR    File cannot openE:\ProyectPython\PymageA\PymageA\src\modules\image_modules\deletewindows authentication.bmp.txt
Sat, 15 Mar 2014 11:04:40 INFO     set owner plataform Windows
Sat, 15 Mar 2014 11:04:40 ERROR    File cannot openE:\ProyectPython\PymageA\PymageA\src\modules\image_modules\deletecharts.png.txt
Sat, 15 Mar 2014 11:04:40 INFO     set owner plataform Windows
Sat, 15 Mar 2014 11:04:40 ERROR    File cannot openE:\ProyectPython\PymageA\PymageA\src\modules\image_modules\deletecharts1.bmp.txt
Sat, 15 Mar 2014 11:04:40 INFO     set owner plataform Windows
Sat, 15 Mar 2014 11:04:40 ERROR    File cannot openE:\ProyectPython\PymageA\PymageA\src\modules\image_modules\deleteKU133.jpg.txt
Sat, 15 Mar 2014 11:04:40 INFO     set owner plataform Windows
Sat, 15 Mar 2014 11:04:40 ERROR    File cannot openE:\ProyectPython\PymageA\PymageA\src\modules\image_modules\deletevirtualCIssue1.png.txt
Sat, 15 Mar 2014 11:04:40 INFO     set owner plataform Windows
Sat, 15 Mar 2014 11:05:05 ERROR    EXCEPTION------- <type 'exceptions.AttributeError'> : 'NoneType' object has no attribute 'getHeight'
Sat, 15 Mar 2014 11:05:05 ERROR    File cannot openE:\ProyectPython\PymageA\PymageA\src\modules\image_modules\deleteKU133.jpg.txt
Sat, 15 Mar 2014 11:05:05 INFO     set owner plataform Windows
Sat, 15 Mar 2014 11:05:05 ERROR    File cannot openE:\ProyectPython\PymageA\PymageA\src\modules\image_modules\deletewindows authentication.bmp.txt
Sat, 15 Mar 2014 11:05:05 INFO     set owner plataform Windows
Sat, 15 Mar 2014 11:05:06 ERROR    File cannot openE:\ProyectPython\PymageA\PymageA\src\modules\image_modules\deletecharts.png.txt
Sat, 15 Mar 2014 11:05:06 INFO     set owner plataform Windows
Sat, 15 Mar 2014 11:05:06 ERROR    File cannot openE:\ProyectPython\PymageA\PymageA\src\modules\image_modules\deletecharts1.bmp.txt
Sat, 15 Mar 2014 11:05:06 INFO     set owner plataform Windows
Sat, 15 Mar 2014 11:05:06 ERROR    File cannot openE:\ProyectPython\PymageA\PymageA\src\modules\image_modules\deleteKU133.jpg.txt
Sat, 15 Mar 2014 11:05:06 INFO     set owner plataform Windows
Sat, 15 Mar 2014 11:05:06 ERROR    File cannot openE:\ProyectPython\PymageA\PymageA\src\modules\image_modules\deletevirtualCIssue1.png.txt
Sat, 15 Mar 2014 11:05:06 INFO     set owner plataform Windows
Sat, 15 Mar 2014 11:05:46 ERROR    File cannot openE:\ProyectPython\PymageA\PymageA\src\modules\image_modules\deleteimage1.png.txt
Sat, 15 Mar 2014 11:05:46 INFO     set owner plataform Windows
Sat, 15 Mar 2014 11:05:46 ERROR    File cannot openE:\ProyectPython\PymageA\PymageA\src\modules\image_modules\deleteimage1.png.txt
Sat, 15 Mar 2014 11:05:46 INFO     set owner plataform Windows
Sat, 15 Mar 2014 11:05:46 INFO     list of duplicated obtained wihtout problem
