#
# A fatal error has been detected by the Java Runtime Environment:
#
#  EXCEPTION_ACCESS_VIOLATION (0xc0000005) at pc=0x10006001, pid=3792, tid=1288
#
# JRE version: Java(TM) SE Runtime Environment (7.0_51-b13) (build 1.7.0_51-b13)
# Java VM: Java HotSpot(TM) Client VM (24.51-b03 mixed mode, sharing windows-x86 )
# Problematic frame:
# C  0x10006001
#
# Failed to write core dump. Minidumps are not enabled by default on client versions of Windows
#
# If you would like to submit a bug report, please visit:
#   http://bugreport.sun.com/bugreport/crash.jsp
# The crash happened outside the Java Virtual Machine in native code.
# See problematic frame for where to report the bug.
#

---------------  T H R E A D  ---------------

Current thread (0x015f6c00):  JavaThread "Finalizer" daemon [_thread_in_native, id=1288, stack(0x03de0000,0x03f00000)]

siginfo: ExceptionCode=0xc0000005, reading address 0x10006001

Registers:
EAX=0x10006001, EBX=0x33d34080, ECX=0x015f6d30, EDX=0x33da6568
ESP=0x03eff7cc, EBP=0x03eff800, ESI=0x33d34080, EDI=0x015f6c00
EIP=0x10006001, EFLAGS=0x00010283

Top of Stack: (sp=0x03eff7cc)
0x03eff7cc:   0193a9dd 015f6d30 03eff808 000ec890
0x03eff7dc:   00000000 03eff7e0 00000000 03eff814
0x03eff7ec:   33da6568 00000000 33d34080 00000000
0x03eff7fc:   03eff810 03eff838 01933207 1e6fcd18
0x03eff80c:   019388c9 000ec890 00000000 03eff818
0x03eff81c:   33d32365 03eff840 33da6568 00000000
0x03eff82c:   33d32388 03eff810 03eff840 03eff85c
0x03eff83c:   019303d7 14107740 03eff86c 69c3ec22 

Instructions: (pc=0x10006001)
0x10005fe1:   
[error occurred during error reporting (printing registers, top of stack, instructions near pc), id 0xc0000005]

Register to memory mapping:

EAX=0x10006001 is an unknown value
EBX=0x33d34080 is an oop
{method} 
 - klass: {other class}
ECX=0x015f6d30 is an unknown value
EDX=0x33da6568 is an oop
{constant pool cache} 
 - klass: {other class}
                 -------------
  0  (0x33da6578)  [b5|b4|  214]
                 [   0x1e6c7ad8]
                 [   0x00000008]
                 [   0x44000002]
                 -------------
  1  (0x33da6588)  [b5|b4|  215]
                 [   0x1e6fcd18]
                 [   0x00000010]
                 [   0x44000000]
                 -------------
  2  (0x33da6598)  [00|00|  216]
                 [   0x00000000]
                 [   0x00000000]
                 [   0x00000000]
                 -------------
  3  (0x33da65a8)  [00|00|  217]
                 [   0x00000000]
                 [   0x00000000]
                 [   0x00000000]
                 -------------
  4  (0x33da65b8)  [00|00|  218]
                 [   0x00000000]
                 [   0x00000000]
                 [   0x00000000]
                 -------------
  5  (0x33da65c8)  [00|b8|  219]
                 [   0x33d34000]
                 [   0x00000000]
                 [   0x40000002]
                 -------------
  6  (0x33da65d8)  [00|00|  220]
                 [   0x00000000]
                 [   0x00000000]
                 [   0x00000000]
                 -------------
  7  (0x33da65e8)  [00|b8|  221]
                 [   0x33d34080]
                 [   0x00000000]
                 [   0x80000002]
                 -------------
  8  (0x33da65f8)  [b6|00|  222]
                 [   0x00000000]
                 [   0x0000003e]
                 [   0x80000005]
                 -------------
  9  (0x33da6608)  [00|00|  223]
                 [   0x00000000]
                 [   0x00000000]
                 [   0x00000000]
                 -------------
 10  (0x33da6618)  [00|00|  224]
                 [   0x00000000]
                 [   0x00000000]
                 [   0x00000000]
                 -------------
 11  (0x33da6628)  [00|b7|  225]
                 [   0x33d23940]
                 [   0x00000000]
                 [   0x80000001]
                 -------------
 12  (0x33da6638)  [00|00|  226]
                 [   0x00000000]
                 [   0x00000000]
                 [   0x00000000]
                 -------------
 13  (0x33da6648)  [00|00|  227]
                 [   0x00000000]
                 [   0x00000000]
                 [   0x00000000]
                 -------------
 14  (0x33da6658)  [00|00|  228]
                 [   0x00000000]
                 [   0x00000000]
                 [   0x00000000]
                 -------------
 15  (0x33da6668)  [00|00|  229]
                 [   0x00000000]
                 [   0x00000000]
                 [   0x00000000]
                 -------------
 16  (0x33da6678)  [00|b7|  230]
                 [   0x33d256e0]
                 [   0x00000000]
                 [   0x30000003]
                 -------------
 17  (0x33da6688)  [00|b7|  231]
                 [   0x33d25808]
                 [   0x00000000]
                 [   0x40000003]
                 -------------
 18  (0x33da6698)  [00|b7|  232]
                 [   0x33d255b8]
                 [   0x00000000]
                 [   0x20000003]
                 -------------
 19  (0x33da66a8)  [00|b7|  233]
                 [   0x33d26b60]
                 [   0x00000000]
                 [   0x80000004]
                 -------------
 20  (0x33da66b8)  [00|00|  234]
                 [   0x00000000]
                 [   0x00000000]
                 [   0x00000000]
                 -------------
 21  (0x33da66c8)  [00|00|  235]
                 [   0x00000000]
                 [   0x00000000]
                 [   0x00000000]
                 -------------
 22  (0x33da66d8)  [00|00|  236]
                 [   0x00000000]
                 [   0x00000000]
                 [   0x00000000]
                 -------------
 23  (0x33da66e8)  [00|b7|  237]
                 [   0x33d26ef0]
                 [   0x00000000]
                 [   0x80000004]
                 -------------
 24  (0x33da66f8)  [00|b7|  238]
                 [   0x33d27020]
                 [   0x00000000]
                 [   0x80000005]
                 -------------
 25  (0x33da6708)  [00|b7|  239]
                 [   0x33d26c90]
                 [   0x00000000]
                 [   0x80000004]
                 -------------
 26  (0x33da6718)  [00|00|  240]
                 [   0x00000000]
                 [   0x00000000]
                 [   0x00000000]
                 -------------
 27  (0x33da6728)  [00|b7|  241]
                 [   0x33d24968]
                 [   0x00000000]
                 [   0x80000006]
                 -------------
 28  (0x33da6738)  [00|00|  242]
                 [   0x00000000]
                 [   0x00000000]
                 [   0x00000000]
                 -------------
 29  (0x33da6748)  [00|00|  243]
                 [   0x00000000]
                 [   0x00000000]
                 [   0x00000000]
                 -------------
 30  (0x33da6758)  [00|00|  244]
                 [   0x00000000]
                 [   0x00000000]
                 [   0x00000000]
                 -------------
 31  (0x33da6768)  [00|00|  245]
                 [   0x00000000]
                 [   0x00000000]
                 [   0x00000000]
                 -------------
 32  (0x33da6778)  [00|00|  246]
                 [   0x00000000]
                 [   0x00000000]
                 [   0x00000000]
                 -------------
 33  (0x33da6788)  [00|00|  247]
                 [   0x00000000]
                 [   0x00000000]
                 [   0x00000000]
                 -------------
 34  (0x33da6798)  [00|00|  248]
                 [   0x00000000]
                 [   0x00000000]
                 [   0x00000000]
                 -------------
 35  (0x33da67a8)  [00|00|  249]
                 [   0x00000000]
                 [   0x00000000]
                 [   0x00000000]
                 -------------
 36  (0x33da67b8)  [00|00|  250]
                 [   0x00000000]
                 [   0x00000000]
                 [   0x00000000]
                 -------------
 37  (0x33da67c8)  [00|00|  251]
                 [   0x00000000]
                 [   0x00000000]
                 [   0x00000000]
                 -------------
 38  (0x33da67d8)  [00|00|  252]
                 [   0x00000000]
                 [   0x00000000]
                 [   0x00000000]
                 -------------
 39  (0x33da67e8)  [00|00|  253]
                 [   0x00000000]
                 [   0x00000000]
                 [   0x00000000]
                 -------------
 40  (0x33da67f8)  [00|00|  254]
                 [   0x00000000]
                 [   0x00000000]
                 [   0x00000000]
                 -------------
 41  (0x33da6808)  [00|00|  255]
                 [   0x00000000]
                 [   0x00000000]
                 [   0x00000000]
                 -------------
 42  (0x33da6818)  [00|00|  256]
                 [   0x00000000]
                 [   0x00000000]
                 [   0x00000000]
                 -------------
 43  (0x33da6828)  [00|00|  257]
                 [   0x00000000]
                 [   0x00000000]
                 [   0x00000000]
                 -------------
 44  (0x33da6838)  [00|00|  258]
                 [   0x00000000]
                 [   0x00000000]
                 [   0x00000000]
                 -------------
 45  (0x33da6848)  [00|00|  259]
                 [   0x00000000]
                 [   0x00000000]
                 [   0x00000000]
                 -------------
 46  (0x33da6858)  [00|00|  260]
                 [   0x00000000]
                 [   0x00000000]
                 [   0x00000000]
                 -------------
 47  (0x33da6868)  [00|00|  261]
                 [   0x00000000]
                 [   0x00000000]
                 [   0x00000000]
                 -------------
 48  (0x33da6878)  [00|00|  262]
                 [   0x00000000]
                 [   0x00000000]
                 [   0x00000000]
                 -------------
 49  (0x33da6888)  [00|00|  263]
                 [   0x00000000]
                 [   0x00000000]
                 [   0x00000000]
                 -------------
 50  (0x33da6898)  [00|00|  264]
                 [   0x00000000]
                 [   0x00000000]
                 [   0x00000000]
                 -------------
 51  (0x33da68a8)  [00|00|  265]
                 [   0x00000000]
                 [   0x00000000]
                 [   0x00000000]
                 -------------
 52  (0x33da68b8)  [00|00|  266]
                 [   0x00000000]
                 [   0x00000000]
                 [   0x00000000]
                 -------------
 53  (0x33da68c8)  [00|00|  267]
                 [   0x00000000]
                 [   0x00000000]
                 [   0x00000000]
                 -------------
 54  (0x33da68d8)  [00|00|  268]
                 [   0x00000000]
                 [   0x00000000]
                 [   0x00000000]
                 -------------
 55  (0x33da68e8)  [00|00|  269]
                 [   0x00000000]
                 [   0x00000000]
                 [   0x00000000]
                 -------------
ESP=0x03eff7cc is pointing into the stack for thread: 0x015f6c00
EBP=0x03eff800 is pointing into the stack for thread: 0x015f6c00
ESI=0x33d34080 is an oop
{method} 
 - klass: {other class}
EDI=0x015f6c00 is a thread


Stack: [0x03de0000,0x03f00000],  sp=0x03eff7cc,  free space=1149k
Native frames: (J=compiled Java code, j=interpreted, Vv=VM code, C=native code)
C  0x10006001
j  com.sun.jna.Memory.finalize()V+13
v  ~StubRoutines::call_stub
V  [jvm.dll+0x13f35a]
V  [jvm.dll+0x202c6e]
V  [jvm.dll+0x13f3dd]
V  [jvm.dll+0xc9bc2]
V  [jvm.dll+0xcd66f]
C  [java.dll+0x20b5]
J  java.lang.ref.Finalizer.runFinalizer()V
v  ~StubRoutines::call_stub
V  [jvm.dll+0x13f35a]
V  [jvm.dll+0x202c6e]
V  [jvm.dll+0x13f525]
V  [jvm.dll+0x13f587]
V  [jvm.dll+0xeb81f]
V  [jvm.dll+0x16059c]
V  [jvm.dll+0x160fd7]
V  [jvm.dll+0x1a4b79]
C  [msvcr100.dll+0x5c556]
C  [msvcr100.dll+0x5c600]
C  [kernel32.dll+0x4ed6c]
C  [ntdll.dll+0x6377b]
C  [ntdll.dll+0x6374e]

Java frames: (J=compiled Java code, j=interpreted, Vv=VM code)
j  com.sun.jna.Memory.free(J)V+0
j  com.sun.jna.Memory.finalize()V+13
v  ~StubRoutines::call_stub
J  java.lang.ref.Finalizer.invokeFinalizeMethod(Ljava/lang/Object;)V
J  java.lang.ref.Finalizer.runFinalizer()V
J  java.lang.ref.Finalizer.access$100(Ljava/lang/ref/Finalizer;)V
j  java.lang.ref.Finalizer$FinalizerThread.run()V+24
v  ~StubRoutines::call_stub

---------------  P R O C E S S  ---------------

Java Threads: ( => current thread )
  0x0168e800 JavaThread "TimerQueue" daemon [_thread_blocked, id=2820, stack(0x07bb0000,0x07cd0000)]
  0x0179c400 JavaThread "DestroyJavaVM" [_thread_blocked, id=3520, stack(0x01810000,0x01930000)]
  0x04ecd400 JavaThread "AWT-EventQueue-0" [_thread_blocked, id=2172, stack(0x06df0000,0x06f10000)]
  0x04e3c000 JavaThread "AWT-Shutdown" [_thread_blocked, id=1972, stack(0x061e0000,0x06300000)]
  0x04e38800 JavaThread "Java2D Disposer" daemon [_thread_blocked, id=3544, stack(0x05fd0000,0x060f0000)]
  0x04e6c800 JavaThread "weakref reaper" daemon [_thread_blocked, id=2988, stack(0x05e40000,0x05f60000)]
  0x01675800 JavaThread "Service Thread" daemon [_thread_blocked, id=3676, stack(0x04490000,0x045b0000)]
  0x01668400 JavaThread "C1 CompilerThread0" daemon [_thread_blocked, id=3596, stack(0x03f30000,0x03f80000)]
  0x01661400 JavaThread "Attach Listener" daemon [_thread_blocked, id=3776, stack(0x042d0000,0x043f0000)]
  0x0165e000 JavaThread "Signal Dispatcher" daemon [_thread_blocked, id=1680, stack(0x04040000,0x04160000)]
=>0x015f6c00 JavaThread "Finalizer" daemon [_thread_in_native, id=1288, stack(0x03de0000,0x03f00000)]
  0x015f1800 JavaThread "Reference Handler" daemon [_thread_blocked, id=2744, stack(0x03c30000,0x03d50000)]

Other Threads:
  0x015f0000 VMThread [stack: 0x03bc0000,0x03c10000] [id=3328]
  0x01687000 WatcherThread [stack: 0x03b70000,0x03bc0000] [id=1156]

VM state:not at safepoint (normal execution)

VM Mutex/Monitor currently owned by a thread: None

Heap
 def new generation   total 8640K, used 3045K [0x13830000, 0x14180000, 0x1e2d0000)
  eden space 7744K,  32% used [0x13830000, 0x13aa25b8, 0x13fc0000)
  from space 896K,  60% used [0x140a0000, 0x14127108, 0x14180000)
  to   space 896K,   0% used [0x13fc0000, 0x13fc0000, 0x140a0000)
 tenured generation   total 18952K, used 11370K [0x1e2d0000, 0x1f552000, 0x33830000)
   the space 18952K,  59% used [0x1e2d0000, 0x1edeabd8, 0x1edeac00, 0x1f552000)
 compacting perm gen  total 12800K, used 12630K [0x33830000, 0x344b0000, 0x37830000)
   the space 12800K,  98% used [0x33830000, 0x34485a70, 0x34485c00, 0x344b0000)
    ro space 10240K,  41% used [0x37830000, 0x37c62050, 0x37c62200, 0x38230000)
    rw space 12288K,  52% used [0x38230000, 0x38876800, 0x38876800, 0x38e30000)

Card table byte_map: [0x03930000,0x03a60000] byte_map_base: 0x03893e80

Polling page: 0x00270000

Code Cache  [0x01930000, 0x01c88000, 0x03930000)
 total_blobs=1663 nmethods=1404 adapters=195 free_code_cache=29354Kb largest_free_block=30057984

Compilation events (10 events):
Event: 24.041 Thread 0x01668400 1414             java.awt.EventQueue::coalesceEvent (86 bytes)
Event: 24.041 Thread 0x01668400 nmethod 1414 0x01c82608 code [0x01c82750, 0x01c82a00]
Event: 24.047 Thread 0x01668400 1415             java.awt.EventQueue::cacheEQItem (71 bytes)
Event: 24.048 Thread 0x01668400 nmethod 1415 0x01c82b88 code [0x01c82ca0, 0x01c82f1c]
Event: 24.048 Thread 0x01668400 1416             java.awt.EventQueue::uncacheEQItem (53 bytes)
Event: 24.048 Thread 0x01668400 nmethod 1416 0x01c83108 code [0x01c83220, 0x01c8337c]
Event: 24.586 Thread 0x01668400 1417             java.lang.Integer::toUnsignedString (55 bytes)
Event: 24.586 Thread 0x01668400 nmethod 1417 0x01c83508 code [0x01c83620, 0x01c8380c]
Event: 24.588 Thread 0x01668400 1418             java.util.concurrent.ThreadPoolExecutor::runStateOf (5 bytes)
Event: 24.588 Thread 0x01668400 nmethod 1418 0x01c83988 code [0x01c83a80, 0x01c83af0]

GC Heap History (10 events):
Event: 3.028 GC heap before
{Heap before GC invocations=24 (full 1):
 def new generation   total 5824K, used 5429K [0x13830000, 0x13e80000, 0x1e2d0000)
  eden space 5184K, 100% used [0x13830000, 0x13d40000, 0x13d40000)
  from space 640K,  38% used [0x13de0000, 0x13e1d710, 0x13e80000)
  to   space 640K,   0% used [0x13d40000, 0x13d40000, 0x13de0000)
 tenured generation   total 12908K, used 10623K [0x1e2d0000, 0x1ef6b000, 0x33830000)
   the space 12908K,  82% used [0x1e2d0000, 0x1ed2fe10, 0x1ed30000, 0x1ef6b000)
 compacting perm gen  total 12288K, used 11396K [0x33830000, 0x34430000, 0x37830000)
   the space 12288K,  92% used [0x33830000, 0x34351368, 0x34351400, 0x34430000)
    ro space 10240K,  41% used [0x37830000, 0x37c62050, 0x37c62200, 0x38230000)
    rw space 12288K,  52% used [0x38230000, 0x38876800, 0x38876800, 0x38e30000)
Event: 3.037 GC heap after
Heap after GC invocations=25 (full 1):
 def new generation   total 5824K, used 640K [0x13830000, 0x13e80000, 0x1e2d0000)
  eden space 5184K,   0% used [0x13830000, 0x13830000, 0x13d40000)
  from space 640K, 100% used [0x13d40000, 0x13de0000, 0x13de0000)
  to   space 640K,   0% used [0x13de0000, 0x13de0000, 0x13e80000)
 tenured generation   total 12908K, used 11719K [0x1e2d0000, 0x1ef6b000, 0x33830000)
   the space 12908K,  90% used [0x1e2d0000, 0x1ee41d28, 0x1ee41e00, 0x1ef6b000)
 compacting perm gen  total 12288K, used 11396K [0x33830000, 0x34430000, 0x37830000)
   the space 12288K,  92% used [0x33830000, 0x34351368, 0x34351400, 0x34430000)
    ro space 10240K,  41% used [0x37830000, 0x37c62050, 0x37c62200, 0x38230000)
    rw space 12288K,  52% used [0x38230000, 0x38876800, 0x38876800, 0x38e30000)
}
Event: 3.091 GC heap before
{Heap before GC invocations=25 (full 1):
 def new generation   total 5824K, used 5824K [0x13830000, 0x13e80000, 0x1e2d0000)
  eden space 5184K, 100% used [0x13830000, 0x13d40000, 0x13d40000)
  from space 640K, 100% used [0x13d40000, 0x13de0000, 0x13de0000)
  to   space 640K,   0% used [0x13de0000, 0x13de0000, 0x13e80000)
 tenured generation   total 12908K, used 11719K [0x1e2d0000, 0x1ef6b000, 0x33830000)
   the space 12908K,  90% used [0x1e2d0000, 0x1ee41d28, 0x1ee41e00, 0x1ef6b000)
 compacting perm gen  total 12288K, used 11443K [0x33830000, 0x34430000, 0x37830000)
   the space 12288K,  93% used [0x33830000, 0x3435cfc0, 0x3435d000, 0x34430000)
    ro space 10240K,  41% used [0x37830000, 0x37c62050, 0x37c62200, 0x38230000)
    rw space 12288K,  52% used [0x38230000, 0x38876800, 0x38876800, 0x38e30000)
Event: 3.099 GC heap after
Heap after GC invocations=26 (full 1):
 def new generation   total 5824K, used 640K [0x13830000, 0x13e80000, 0x1e2d0000)
  eden space 5184K,   0% used [0x13830000, 0x13830000, 0x13d40000)
  from space 640K, 100% used [0x13de0000, 0x13e80000, 0x13e80000)
  to   space 640K,   0% used [0x13d40000, 0x13d40000, 0x13de0000)
 tenured generation   total 12908K, used 12349K [0x1e2d0000, 0x1ef6b000, 0x33830000)
   the space 12908K,  95% used [0x1e2d0000, 0x1eedf560, 0x1eedf600, 0x1ef6b000)
 compacting perm gen  total 12288K, used 11443K [0x33830000, 0x34430000, 0x37830000)
   the space 12288K,  93% used [0x33830000, 0x3435cfc0, 0x3435d000, 0x34430000)
    ro space 10240K,  41% used [0x37830000, 0x37c62050, 0x37c62200, 0x38230000)
    rw space 12288K,  52% used [0x38230000, 0x38876800, 0x38876800, 0x38e30000)
}
Event: 3.266 GC heap before
{Heap before GC invocations=26 (full 1):
 def new generation   total 5824K, used 4998K [0x13830000, 0x13e80000, 0x1e2d0000)
  eden space 5184K,  84% used [0x13830000, 0x13c718b8, 0x13d40000)
  from space 640K, 100% used [0x13de0000, 0x13e80000, 0x13e80000)
  to   space 640K,   0% used [0x13d40000, 0x13d40000, 0x13de0000)
 tenured generation   total 12908K, used 12349K [0x1e2d0000, 0x1ef6b000, 0x33830000)
   the space 12908K,  95% used [0x1e2d0000, 0x1eedf560, 0x1eedf600, 0x1ef6b000)
 compacting perm gen  total 12288K, used 11817K [0x33830000, 0x34430000, 0x37830000)
   the space 12288K,  96% used [0x33830000, 0x343ba7d0, 0x343ba800, 0x34430000)
    ro space 10240K,  41% used [0x37830000, 0x37c62050, 0x37c62200, 0x38230000)
    rw space 12288K,  52% used [0x38230000, 0x38876800, 0x38876800, 0x38e30000)
Event: 3.274 GC heap after
Heap after GC invocations=27 (full 1):
 def new generation   total 5824K, used 553K [0x13830000, 0x13e80000, 0x1e2d0000)
  eden space 5184K,   0% used [0x13830000, 0x13830000, 0x13d40000)
  from space 640K,  86% used [0x13d40000, 0x13dca458, 0x13de0000)
  to   space 640K,   0% used [0x13de0000, 0x13de0000, 0x13e80000)
 tenured generation   total 12908K, used 12621K [0x1e2d0000, 0x1ef6b000, 0x33830000)
   the space 12908K,  97% used [0x1e2d0000, 0x1ef23668, 0x1ef23800, 0x1ef6b000)
 compacting perm gen  total 12288K, used 11817K [0x33830000, 0x34430000, 0x37830000)
   the space 12288K,  96% used [0x33830000, 0x343ba7d0, 0x343ba800, 0x34430000)
    ro space 10240K,  41% used [0x37830000, 0x37c62050, 0x37c62200, 0x38230000)
    rw space 12288K,  52% used [0x38230000, 0x38876800, 0x38876800, 0x38e30000)
}
Event: 3.330 GC heap before
{Heap before GC invocations=27 (full 1):
 def new generation   total 5824K, used 5737K [0x13830000, 0x13e80000, 0x1e2d0000)
  eden space 5184K, 100% used [0x13830000, 0x13d40000, 0x13d40000)
  from space 640K,  86% used [0x13d40000, 0x13dca458, 0x13de0000)
  to   space 640K,   0% used [0x13de0000, 0x13de0000, 0x13e80000)
 tenured generation   total 12908K, used 12621K [0x1e2d0000, 0x1ef6b000, 0x33830000)
   the space 12908K,  97% used [0x1e2d0000, 0x1ef23668, 0x1ef23800, 0x1ef6b000)
 compacting perm gen  total 12288K, used 11893K [0x33830000, 0x34430000, 0x37830000)
   the space 12288K,  96% used [0x33830000, 0x343cd780, 0x343cd800, 0x34430000)
    ro space 10240K,  41% used [0x37830000, 0x37c62050, 0x37c62200, 0x38230000)
    rw space 12288K,  52% used [0x38230000, 0x38876800, 0x38876800, 0x38e30000)
Event: 3.439 GC heap after
Heap after GC invocations=28 (full 2):
 def new generation   total 8640K, used 0K [0x13830000, 0x14180000, 0x1e2d0000)
  eden space 7744K,   0% used [0x13830000, 0x13830000, 0x13fc0000)
  from space 896K,   0% used [0x13fc0000, 0x13fc0000, 0x140a0000)
  to   space 896K,   0% used [0x140a0000, 0x140a0000, 0x14180000)
 tenured generation   total 18952K, used 11370K [0x1e2d0000, 0x1f552000, 0x33830000)
   the space 18952K,  59% used [0x1e2d0000, 0x1edeabd8, 0x1edeac00, 0x1f552000)
 compacting perm gen  total 12288K, used 11893K [0x33830000, 0x34430000, 0x37830000)
   the space 12288K,  96% used [0x33830000, 0x343cd780, 0x343cd800, 0x34430000)
    ro space 10240K,  41% used [0x37830000, 0x37c62050, 0x37c62200, 0x38230000)
    rw space 12288K,  52% used [0x38230000, 0x38876800, 0x38876800, 0x38e30000)
}
Event: 24.569 GC heap before
{Heap before GC invocations=28 (full 2):
 def new generation   total 8640K, used 7744K [0x13830000, 0x14180000, 0x1e2d0000)
  eden space 7744K, 100% used [0x13830000, 0x13fc0000, 0x13fc0000)
  from space 896K,   0% used [0x13fc0000, 0x13fc0000, 0x140a0000)
  to   space 896K,   0% used [0x140a0000, 0x140a0000, 0x14180000)
 tenured generation   total 18952K, used 11370K [0x1e2d0000, 0x1f552000, 0x33830000)
   the space 18952K,  59% used [0x1e2d0000, 0x1edeabd8, 0x1edeac00, 0x1f552000)
 compacting perm gen  total 12800K, used 12626K [0x33830000, 0x344b0000, 0x37830000)
   the space 12800K,  98% used [0x33830000, 0x344848a8, 0x34484a00, 0x344b0000)
    ro space 10240K,  41% used [0x37830000, 0x37c62050, 0x37c62200, 0x38230000)
    rw space 12288K,  52% used [0x38230000, 0x38876800, 0x38876800, 0x38e30000)
Event: 24.574 GC heap after
Heap after GC invocations=29 (full 2):
 def new generation   total 8640K, used 540K [0x13830000, 0x14180000, 0x1e2d0000)
  eden space 7744K,   0% used [0x13830000, 0x13830000, 0x13fc0000)
  from space 896K,  60% used [0x140a0000, 0x14127108, 0x14180000)
  to   space 896K,   0% used [0x13fc0000, 0x13fc0000, 0x140a0000)
 tenured generation   total 18952K, used 11370K [0x1e2d0000, 0x1f552000, 0x33830000)
   the space 18952K,  59% used [0x1e2d0000, 0x1edeabd8, 0x1edeac00, 0x1f552000)
 compacting perm gen  total 12800K, used 12626K [0x33830000, 0x344b0000, 0x37830000)
   the space 12800K,  98% used [0x33830000, 0x344848a8, 0x34484a00, 0x344b0000)
    ro space 10240K,  41% used [0x37830000, 0x37c62050, 0x37c62200, 0x38230000)
    rw space 12288K,  52% used [0x38230000, 0x38876800, 0x38876800, 0x38e30000)
}

Deoptimization events (0 events):
No events

Internal exceptions (10 events):
Event: 3.147 Thread 0x0179c400 Threw 0x13a2ac10 at C:\re\jdk7u51\527\hotspot\src\share\vm\prims\jni.cpp:717
Event: 3.147 Thread 0x0179c400 Threw 0x13a2cf90 at C:\re\jdk7u51\527\hotspot\src\share\vm\prims\jni.cpp:717
Event: 3.147 Thread 0x0179c400 Threw 0x13a2f210 at C:\re\jdk7u51\527\hotspot\src\share\vm\prims\jni.cpp:717
Event: 3.147 Thread 0x0179c400 Threw 0x13a313d8 at C:\re\jdk7u51\527\hotspot\src\share\vm\prims\jni.cpp:717
Event: 3.147 Thread 0x0179c400 Threw 0x13a33918 at C:\re\jdk7u51\527\hotspot\src\share\vm\prims\jni.cpp:717
Event: 3.147 Thread 0x0179c400 Threw 0x13a36300 at C:\re\jdk7u51\527\hotspot\src\share\vm\prims\jni.cpp:717
Event: 3.147 Thread 0x0179c400 Threw 0x13a378c0 at C:\re\jdk7u51\527\hotspot\src\share\vm\prims\jvm.cpp:1244
Event: 3.147 Thread 0x0179c400 Threw 0x13a38eb0 at C:\re\jdk7u51\527\hotspot\src\share\vm\prims\jvm.cpp:1244
Event: 3.147 Thread 0x0179c400 Threw 0x13a399b8 at C:\re\jdk7u51\527\hotspot\src\share\vm\prims\jvm.cpp:1244
Event: 24.596 Thread 0x04e38800 Threw 0x13a8ed50 at C:\re\jdk7u51\527\hotspot\src\share\vm\runtime\objectMonitor.cpp:1467

Events (10 events):
Event: 24.586 Executing VM operation: RevokeBias
Event: 24.586 Executing VM operation: RevokeBias done
Event: 24.587 Executing VM operation: RevokeBias
Event: 24.587 Executing VM operation: RevokeBias done
Event: 24.587 Executing VM operation: RevokeBias
Event: 24.587 Executing VM operation: RevokeBias done
Event: 24.589 Executing VM operation: RevokeBias
Event: 24.589 Executing VM operation: RevokeBias done
Event: 24.590 Executing VM operation: RevokeBias
Event: 24.591 Executing VM operation: RevokeBias done


Dynamic libraries:
0x010f0000 - 0x0111f000 	C:\Windows\system32\java.exe
0x77bb0000 - 0x77cec000 	C:\Windows\SYSTEM32\ntdll.dll
0x77970000 - 0x77a44000 	C:\Windows\system32\kernel32.dll
0x75ff0000 - 0x7603b000 	C:\Windows\system32\KERNELBASE.dll
0x76110000 - 0x761b0000 	C:\Windows\system32\ADVAPI32.dll
0x77820000 - 0x778cc000 	C:\Windows\system32\msvcrt.dll
0x76400000 - 0x76419000 	C:\Windows\SYSTEM32\sechost.dll
0x76230000 - 0x762d1000 	C:\Windows\system32\RPCRT4.dll
0x77350000 - 0x77419000 	C:\Windows\system32\USER32.dll
0x77d00000 - 0x77d4e000 	C:\Windows\system32\GDI32.dll
0x77cf0000 - 0x77cfa000 	C:\Windows\system32\LPK.dll
0x77770000 - 0x7780d000 	C:\Windows\system32\USP10.dll
0x74d60000 - 0x74efe000 	C:\Windows\WinSxS\x86_microsoft.windows.common-controls_6595b64144ccf1df_6.0.7601.17514_none_41e6975e2bd6f2b2\COMCTL32.dll
0x77680000 - 0x776d7000 	C:\Windows\system32\SHLWAPI.dll
0x77190000 - 0x771af000 	C:\Windows\system32\IMM32.DLL
0x76040000 - 0x7610c000 	C:\Windows\system32\MSCTF.dll
0x6c630000 - 0x6c6ef000 	C:\Program Files\Java\jre7\bin\msvcr100.dll
0x69b00000 - 0x69e80000 	C:\Program Files\Java\jre7\bin\client\jvm.dll
0x75290000 - 0x75297000 	C:\Windows\system32\WSOCK32.dll
0x77930000 - 0x77965000 	C:\Windows\system32\WS2_32.dll
0x77810000 - 0x77816000 	C:\Windows\system32\NSI.dll
0x73e90000 - 0x73ec2000 	C:\Windows\system32\WINMM.dll
0x77450000 - 0x77455000 	C:\Windows\system32\PSAPI.DLL
0x71560000 - 0x7156c000 	C:\Program Files\Java\jre7\bin\verify.dll
0x70780000 - 0x707a0000 	C:\Program Files\Java\jre7\bin\java.dll
0x70760000 - 0x70773000 	C:\Program Files\Java\jre7\bin\zip.dll
0x70700000 - 0x70714000 	C:\Program Files\Java\jre7\bin\net.dll
0x016c0000 - 0x0170b000 	C:\Windows\system32\imon.dll
0x77a50000 - 0x77bac000 	C:\Windows\system32\ole32.dll
0x011b0000 - 0x011bd000 	C:\Program Files\Eset\pr_imon.dll
0x75780000 - 0x757bc000 	C:\Windows\system32\mswsock.dll
0x75770000 - 0x75776000 	C:\Windows\System32\wship6.dll
0x703e0000 - 0x703ef000 	C:\Program Files\Java\jre7\bin\nio.dll
0x75960000 - 0x75976000 	C:\Windows\system32\CRYPTSP.dll
0x75560000 - 0x7559b000 	C:\Windows\system32\rsaenh.dll
0x75360000 - 0x75377000 	C:\Windows\system32\USERENV.dll
0x75d40000 - 0x75d4b000 	C:\Windows\system32\profapi.dll
0x75cc0000 - 0x75ccc000 	C:\Windows\system32\CRYPTBASE.dll
0x73d70000 - 0x73d80000 	C:\Windows\system32\NLAapi.dll
0x728f0000 - 0x72900000 	C:\Windows\system32\napinsp.dll
0x728d0000 - 0x728e2000 	C:\Windows\system32\pnrpnsp.dll
0x728a0000 - 0x728c7000 	C:\Program Files\Common Files\Microsoft Shared\Windows Live\WLIDNSP.DLL
0x75640000 - 0x75684000 	C:\Windows\system32\DNSAPI.dll
0x72890000 - 0x72898000 	C:\Windows\System32\winrnr.dll
0x75270000 - 0x75275000 	C:\Windows\System32\wshtcpip.dll
0x73930000 - 0x7394c000 	C:\Windows\system32\IPHLPAPI.DLL
0x73910000 - 0x73917000 	C:\Windows\system32\WINNSI.DLL
0x72e80000 - 0x72e86000 	C:\Windows\system32\rasadhlp.dll
0x73270000 - 0x732a8000 	C:\Windows\System32\fwpuclnt.dll
0x6b630000 - 0x6b773000 	C:\Program Files\Java\jre7\bin\awt.dll
0x77d50000 - 0x77ddf000 	C:\Windows\system32\OLEAUT32.dll
0x74be0000 - 0x74c20000 	C:\Windows\system32\uxtheme.dll
0x747f0000 - 0x74803000 	C:\Windows\system32\dwmapi.dll
0x6e680000 - 0x6e6ad000 	C:\Program Files\Java\jre7\bin\kcms.dll
0x76420000 - 0x7706a000 	C:\Windows\system32\SHELL32.dll
0x6f980000 - 0x6f9b9000 	C:\Program Files\Java\jre7\bin\fontmanager.dll
0x701e0000 - 0x70210000 	C:\Program Files\Java\jre7\bin\t2k.dll
0x776e0000 - 0x77763000 	C:\Windows\system32\CLBCatQ.DLL
0x6f7b0000 - 0x6f7d4000 	C:\Program Files\Java\jre7\bin\dcpr.dll
0x73fb0000 - 0x74034000 	C:\Windows\WinSxS\x86_microsoft.windows.common-controls_6595b64144ccf1df_5.82.7601.17514_none_ec83dffa859149af\comctl32.dll
0x771b0000 - 0x7734d000 	C:\Windows\system32\SETUPAPI.dll
0x75f10000 - 0x75f37000 	C:\Windows\system32\CFGMGR32.dll
0x75fd0000 - 0x75fe2000 	C:\Windows\system32\DEVOBJ.dll
0x74c20000 - 0x74d15000 	C:\Windows\system32\propsys.dll
0x751c0000 - 0x751e1000 	C:\Windows\system32\ntmarta.dll
0x77470000 - 0x774b5000 	C:\Windows\system32\WLDAP32.dll
0x75c70000 - 0x75cbc000 	C:\Windows\system32\apphelp.dll
0x73bf0000 - 0x73bfa000 	C:\Windows\system32\slc.dll
0x72b70000 - 0x72b82000 	C:\Windows\system32\MPR.dll
0x6fa80000 - 0x6fa88000 	C:\Windows\System32\drprov.dll
0x75930000 - 0x75959000 	C:\Windows\System32\WINSTA.dll
0x6b8c0000 - 0x6b8d4000 	C:\Windows\System32\ntlanman.dll
0x6b9b0000 - 0x6b9c7000 	C:\Windows\System32\davclnt.dll
0x71880000 - 0x71888000 	C:\Windows\System32\DAVHLPR.dll
0x74440000 - 0x7444f000 	C:\Windows\system32\wkscli.dll
0x6f9e0000 - 0x6f9eb000 	C:\Windows\system32\cscapi.dll
0x74450000 - 0x74459000 	C:\Windows\system32\netutils.dll
0x75ee0000 - 0x75f0d000 	C:\Windows\system32\WINTRUST.dll
0x75dc0000 - 0x75ede000 	C:\Windows\system32\CRYPT32.dll
0x75db0000 - 0x75dbc000 	C:\Windows\system32\MSASN1.dll
0x74aa0000 - 0x74ad1000 	C:\Windows\system32\EhStorShell.dll
0x741a0000 - 0x741a9000 	C:\Windows\system32\LINKINFO.dll
0x74660000 - 0x7475b000 	C:\Windows\system32\WindowsCodecs.dll
0x708f0000 - 0x70b0f000 	C:\Program Files\Microsoft Office\Office12\GrooveShellExtensions.dll
0x74840000 - 0x74933000 	C:\Program Files\Microsoft Office\Office12\GrooveUtil.DLL
0x77070000 - 0x7718b000 	C:\Windows\system32\WININET.dll
0x77460000 - 0x77463000 	C:\Windows\system32\Normaliz.dll
0x774c0000 - 0x77679000 	C:\Windows\system32\iertutil.dll
0x762e0000 - 0x763f1000 	C:\Windows\system32\urlmon.dll
0x72910000 - 0x729ab000 	C:\Windows\WinSxS\x86_microsoft.vc80.crt_1fc8b3b9a1e18e3b_8.0.50727.6195_none_d09154e044272b9a\MSVCR80.dll
0x75000000 - 0x75007000 	C:\Program Files\Microsoft Office\Office12\GrooveNew.DLL
0x75280000 - 0x75289000 	C:\Windows\system32\VERSION.dll
0x74d40000 - 0x74d5b000 	C:\Windows\WinSxS\x86_microsoft.vc80.atl_1fc8b3b9a1e18e3b_8.0.50727.6195_none_d1cb102c435421de\ATL80.DLL
0x74a90000 - 0x74a95000 	C:\Windows\system32\MSImg32.dll
0x744f0000 - 0x7455a000 	C:\Windows\System32\cscui.dll
0x74a80000 - 0x74a89000 	C:\Windows\System32\CSCDLL.dll
0x74240000 - 0x742b0000 	C:\Windows\system32\ntshrui.dll
0x759f0000 - 0x75a09000 	C:\Windows\system32\srvcli.dll
0x74a70000 - 0x74a76000 	C:\Windows\system32\IconCodecService.dll
0x6f950000 - 0x6f975000 	C:\Program Files\Java\jre7\bin\jpeg.dll
0x734a0000 - 0x7358b000 	C:\Windows\system32\dbghelp.dll

VM Arguments:
jvm_args: -Xmx512m -Xss1152k -Dpython.home=C:\Program Files\NetBeans 6.9.1\python\jython-2.5.1 -Dpython.executable=C:\Program Files\NetBeans 6.9.1\python\jython-2.5.1\bin\jython.bat 
java_command: org.python.util.jython C:\Program Files\NetBeans 6.9.1\python\coverage\coverage_wrapper.py D:\Personal\Cursos\ProyectPython\PymageA\PymageA\nbproject\private\coverage\.coverage D:\Personal\Cursos\ProyectPython\PymageA\PymageA\nbproject\private\coverage\.nbcoverage C:\Program Files\NetBeans 6.9.1\python\coverage\coverage.py -e -x D:\Personal\Cursos\ProyectPython\PymageA\PymageA\src\main.py
Launcher Type: SUN_STANDARD

Environment Variables:
CLASSPATH=C:\Program Files\NetBeans 6.9.1\python\jython-2.5.1\jython.jar;C:\Program Files\NetBeans 6.9.1\python\jython-2.5.1\jython.jar;
PATH=C:\Program Files\Common Files\Microsoft Shared\Windows Live;C:\Windows\system32;C:\Windows;C:\Windows\System32\Wbem;C:\Windows\System32\WindowsPowerShell\v1.0\;C:\Python27
USERNAME=WIN7
OS=Windows_NT
PROCESSOR_IDENTIFIER=x86 Family 6 Model 23 Stepping 10, GenuineIntel



---------------  S Y S T E M  ---------------

OS: Windows 7 Build 7601 Service Pack 1

CPU:total 2 (2 cores per cpu, 1 threads per core) family 6 model 23 stepping 10, cmov, cx8, fxsr, mmx, sse, sse2, sse3, ssse3, sse4.1, tsc

Memory: 4k page, physical 1832024k(727988k free), swap 3664048k(2058352k free)

vm_info: Java HotSpot(TM) Client VM (24.51-b03) for windows-x86 JRE (1.7.0_51-b13), built on Dec 18 2013 19:09:58 by "java_re" with unknown MS VC++:1600

time: Sat Jan 04 20:10:00 2014
elapsed time: 24 seconds

